[0.043s] Invoking command in '/home/beraa/ros2_ws/src/simulation/build/simulation': CMAKE_PREFIX_PATH=${CMAKE_PREFIX_PATH}:/opt/ros/humble /usr/bin/cmake /home/beraa/ros2_ws/src/simulation -DCMAKE_INSTALL_PREFIX=/home/beraa/ros2_ws/src/simulation/install/simulation
[0.190s] -- The C compiler identification is GNU 11.4.0
[0.290s] -- The CXX compiler identification is GNU 11.4.0
[0.297s] -- Detecting C compiler ABI info
[0.366s] -- Detecting C compiler ABI info - done
[0.371s] -- Check for working C compiler: /usr/bin/cc - skipped
[0.371s] -- Detecting C compile features
[0.372s] -- Detecting C compile features - done
[0.375s] -- Detecting CXX compiler ABI info
[0.447s] -- Detecting CXX compiler ABI info - done
[0.451s] -- Check for working CXX compiler: /usr/bin/c++ - skipped
[0.452s] -- Detecting CXX compile features
[0.452s] -- Detecting CXX compile features - done
[0.455s] -- Found ament_cmake: 1.3.11 (/opt/ros/humble/share/ament_cmake/cmake)
[0.560s] -- Found Python3: /usr/bin/python3 (found version "3.10.12") found components: Interpreter 
[0.623s] -- Found rclcpp: 16.0.12 (/opt/ros/humble/share/rclcpp/cmake)
[0.653s] -- Found rosidl_generator_c: 3.1.6 (/opt/ros/humble/share/rosidl_generator_c/cmake)
[0.656s] -- Found rosidl_adapter: 3.1.6 (/opt/ros/humble/share/rosidl_adapter/cmake)
[0.662s] -- Found rosidl_generator_cpp: 3.1.6 (/opt/ros/humble/share/rosidl_generator_cpp/cmake)
[0.669s] -- Using all available rosidl_typesupport_c: rosidl_typesupport_fastrtps_c;rosidl_typesupport_introspection_c
[0.680s] -- Using all available rosidl_typesupport_cpp: rosidl_typesupport_fastrtps_cpp;rosidl_typesupport_introspection_cpp
[0.708s] -- Found rmw_implementation_cmake: 6.1.2 (/opt/ros/humble/share/rmw_implementation_cmake/cmake)
[0.710s] -- Found rmw_fastrtps_cpp: 6.2.7 (/opt/ros/humble/share/rmw_fastrtps_cpp/cmake)
[0.782s] -- Found OpenSSL: /usr/lib/x86_64-linux-gnu/libcrypto.so (found version "3.0.2")  
[0.808s] -- Found FastRTPS: /opt/ros/humble/include  
[0.834s] -- Using RMW implementation 'rmw_fastrtps_cpp' as default
[0.847s] -- Looking for pthread.h
[0.914s] -- Looking for pthread.h - found
[0.914s] -- Performing Test CMAKE_HAVE_LIBC_PTHREAD
[0.982s] -- Performing Test CMAKE_HAVE_LIBC_PTHREAD - Success
[0.983s] -- Found Threads: TRUE  
[1.017s] -- Found rclpy: 3.3.16 (/opt/ros/humble/share/rclpy/cmake)
[1.099s] -- Configuring done
[1.102s] -- Generating done
[1.103s] -- Build files have been written to: /home/beraa/ros2_ws/src/simulation/build/simulation
[1.110s] Invoked command in '/home/beraa/ros2_ws/src/simulation/build/simulation' returned '0': CMAKE_PREFIX_PATH=${CMAKE_PREFIX_PATH}:/opt/ros/humble /usr/bin/cmake /home/beraa/ros2_ws/src/simulation -DCMAKE_INSTALL_PREFIX=/home/beraa/ros2_ws/src/simulation/install/simulation
[1.111s] Invoking command in '/home/beraa/ros2_ws/src/simulation/build/simulation': CMAKE_PREFIX_PATH=${CMAKE_PREFIX_PATH}:/opt/ros/humble /usr/bin/cmake --build /home/beraa/ros2_ws/src/simulation/build/simulation -- -j20 -l20
[1.167s] Built target ament_cmake_python_copy_simulation
[1.295s] running egg_info
[1.296s] creating simulation.egg-info
[1.296s] writing simulation.egg-info/PKG-INFO
[1.296s] writing dependency_links to simulation.egg-info/dependency_links.txt
[1.296s] writing top-level names to simulation.egg-info/top_level.txt
[1.296s] writing manifest file 'simulation.egg-info/SOURCES.txt'
[1.297s] reading manifest file 'simulation.egg-info/SOURCES.txt'
[1.297s] writing manifest file 'simulation.egg-info/SOURCES.txt'
[1.313s] Built target ament_cmake_python_build_simulation_egg
[1.320s] Invoked command in '/home/beraa/ros2_ws/src/simulation/build/simulation' returned '0': CMAKE_PREFIX_PATH=${CMAKE_PREFIX_PATH}:/opt/ros/humble /usr/bin/cmake --build /home/beraa/ros2_ws/src/simulation/build/simulation -- -j20 -l20
[1.327s] Invoking command in '/home/beraa/ros2_ws/src/simulation/build/simulation': CMAKE_PREFIX_PATH=${CMAKE_PREFIX_PATH}:/opt/ros/humble /usr/bin/cmake --install /home/beraa/ros2_ws/src/simulation/build/simulation
[1.335s] -- Install configuration: ""
[1.335s] -- Installing: /home/beraa/ros2_ws/src/simulation/install/simulation/share/simulation/launch
[1.335s] -- Installing: /home/beraa/ros2_ws/src/simulation/install/simulation/share/simulation/launch/map.launch.py
[1.335s] -- Installing: /home/beraa/ros2_ws/src/simulation/install/simulation/share/simulation/launch/spawn_via.launch.py
[1.335s] -- Installing: /home/beraa/ros2_ws/src/simulation/install/simulation/share/simulation/launch/ilkel_harita_launch.py
[1.335s] -- Installing: /home/beraa/ros2_ws/src/simulation/install/simulation/share/simulation/launch/new_map_launch.py
[1.335s] -- Installing: /home/beraa/ros2_ws/src/simulation/install/simulation/share/simulation/launch/via.launch.py
[1.335s] -- Installing: /home/beraa/ros2_ws/src/simulation/install/simulation/share/simulation/worlds
[1.335s] -- Installing: /home/beraa/ros2_ws/src/simulation/install/simulation/share/simulation/worlds/ilkel_harita.world
[1.335s] -- Installing: /home/beraa/ros2_ws/src/simulation/install/simulation/share/simulation/worlds/new_world.world
[1.335s] -- Up-to-date: /home/beraa/ros2_ws/src/simulation/install/simulation/share/simulation/simulation
[1.335s] -- Installing: /home/beraa/ros2_ws/src/simulation/install/simulation/share/simulation/simulation/__init__.py
[1.336s] -- Up-to-date: /home/beraa/ros2_ws/src/simulation/install/simulation/share/simulation/simulation/simulation
[1.336s] -- Installing: /home/beraa/ros2_ws/src/simulation/install/simulation/share/simulation/scripts
[1.336s] -- Installing: /home/beraa/ros2_ws/src/simulation/install/simulation/share/simulation/scripts/control_node.py
[1.336s] -- Installing: /home/beraa/ros2_ws/src/simulation/install/simulation/share/simulation/scripts/camera_node.py
[1.336s] -- Installing: /home/beraa/ros2_ws/src/simulation/install/simulation/share/simulation/scripts/traffic_lights_service.py
[1.336s] -- Installing: /home/beraa/ros2_ws/src/simulation/install/simulation/share/simulation/meshes
[1.336s] -- Installing: /home/beraa/ros2_ws/src/simulation/install/simulation/share/simulation/meshes/Lowpolyhuman.dae
[1.336s] -- Installing: /home/beraa/ros2_ws/src/simulation/install/simulation/share/simulation/urdf
[1.336s] -- Installing: /home/beraa/ros2_ws/src/simulation/install/simulation/share/simulation/urdf/dolly.urdf
[1.338s] -- Installing: /home/beraa/ros2_ws/src/simulation/install/simulation/share/simulation/environment/pythonpath.sh
[1.338s] -- Installing: /home/beraa/ros2_ws/src/simulation/install/simulation/share/simulation/environment/pythonpath.dsv
[1.338s] -- Installing: /home/beraa/ros2_ws/src/simulation/install/simulation/local/lib/python3.10/dist-packages/simulation-0.0.0-py3.10.egg-info
[1.339s] -- Installing: /home/beraa/ros2_ws/src/simulation/install/simulation/local/lib/python3.10/dist-packages/simulation-0.0.0-py3.10.egg-info/PKG-INFO
[1.339s] -- Installing: /home/beraa/ros2_ws/src/simulation/install/simulation/local/lib/python3.10/dist-packages/simulation-0.0.0-py3.10.egg-info/top_level.txt
[1.339s] -- Installing: /home/beraa/ros2_ws/src/simulation/install/simulation/local/lib/python3.10/dist-packages/simulation-0.0.0-py3.10.egg-info/dependency_links.txt
[1.339s] -- Installing: /home/beraa/ros2_ws/src/simulation/install/simulation/local/lib/python3.10/dist-packages/simulation-0.0.0-py3.10.egg-info/SOURCES.txt
[1.339s] -- Up-to-date: /home/beraa/ros2_ws/src/simulation/install/simulation/local/lib/python3.10/dist-packages/simulation
[1.339s] -- Installing: /home/beraa/ros2_ws/src/simulation/install/simulation/local/lib/python3.10/dist-packages/simulation/__init__.py
[1.339s] -- Up-to-date: /home/beraa/ros2_ws/src/simulation/install/simulation/local/lib/python3.10/dist-packages/simulation/simulation
[1.360s] Listing '/home/beraa/ros2_ws/src/simulation/install/simulation/local/lib/python3.10/dist-packages/simulation'...
[1.360s] Compiling '/home/beraa/ros2_ws/src/simulation/install/simulation/local/lib/python3.10/dist-packages/simulation/__init__.py'...
[1.360s] Listing '/home/beraa/ros2_ws/src/simulation/install/simulation/local/lib/python3.10/dist-packages/simulation/simulation'...
[1.363s] -- Up-to-date: /home/beraa/.gazebo//models
[1.363s] -- Up-to-date: /home/beraa/.gazebo//models/traffic_light_red
[1.363s] -- Up-to-date: /home/beraa/.gazebo//models/traffic_light_red/meshes
[1.363s] -- Up-to-date: /home/beraa/.gazebo//models/traffic_light_yellow
[1.363s] -- Up-to-date: /home/beraa/.gazebo//models/traffic_light_yellow/meshes
[1.363s] -- Up-to-date: /home/beraa/.gazebo//models/tunel_levhasi
[1.363s] -- Up-to-date: /home/beraa/.gazebo//models/tunel_levhasi/meshes
[1.363s] -- Up-to-date: /home/beraa/.gazebo//models/ilkel_harita
[1.363s] -- Up-to-date: /home/beraa/.gazebo//models/ilkel_harita/meshes
[1.363s] -- Up-to-date: /home/beraa/.gazebo//models/new_map
[1.363s] -- Up-to-date: /home/beraa/.gazebo//models/new_map/meshes
[1.363s] -- Up-to-date: /home/beraa/.gazebo//models/tunnel
[1.363s] -- Up-to-date: /home/beraa/.gazebo//models/tunnel/meshes
[1.363s] -- Up-to-date: /home/beraa/.gazebo//models/dolly
[1.363s] -- Up-to-date: /home/beraa/.gazebo//models/dolly/meshes
[1.363s] -- Up-to-date: /home/beraa/.gazebo//models/traffic_light_green
[1.363s] -- Up-to-date: /home/beraa/.gazebo//models/traffic_light_green/meshes
[1.363s] -- Installing: /home/beraa/ros2_ws/src/simulation/install/simulation/lib/simulation/traffic_lights_service.py
[1.363s] -- Installing: /home/beraa/ros2_ws/src/simulation/install/simulation/lib/simulation/control_node.py
[1.363s] -- Installing: /home/beraa/ros2_ws/src/simulation/install/simulation/lib/simulation/camera_node.py
[1.363s] -- Installing: /home/beraa/ros2_ws/src/simulation/install/simulation/share/ament_index/resource_index/package_run_dependencies/simulation
[1.363s] -- Installing: /home/beraa/ros2_ws/src/simulation/install/simulation/share/ament_index/resource_index/parent_prefix_path/simulation
[1.363s] -- Installing: /home/beraa/ros2_ws/src/simulation/install/simulation/share/simulation/environment/ament_prefix_path.sh
[1.364s] -- Installing: /home/beraa/ros2_ws/src/simulation/install/simulation/share/simulation/environment/ament_prefix_path.dsv
[1.364s] -- Installing: /home/beraa/ros2_ws/src/simulation/install/simulation/share/simulation/environment/path.sh
[1.364s] -- Installing: /home/beraa/ros2_ws/src/simulation/install/simulation/share/simulation/environment/path.dsv
[1.364s] -- Installing: /home/beraa/ros2_ws/src/simulation/install/simulation/share/simulation/local_setup.bash
[1.364s] -- Installing: /home/beraa/ros2_ws/src/simulation/install/simulation/share/simulation/local_setup.sh
[1.364s] -- Installing: /home/beraa/ros2_ws/src/simulation/install/simulation/share/simulation/local_setup.zsh
[1.364s] -- Installing: /home/beraa/ros2_ws/src/simulation/install/simulation/share/simulation/local_setup.dsv
[1.364s] -- Installing: /home/beraa/ros2_ws/src/simulation/install/simulation/share/simulation/package.dsv
[1.364s] -- Installing: /home/beraa/ros2_ws/src/simulation/install/simulation/share/ament_index/resource_index/packages/simulation
[1.364s] -- Installing: /home/beraa/ros2_ws/src/simulation/install/simulation/share/simulation/cmake/simulationConfig.cmake
[1.364s] -- Installing: /home/beraa/ros2_ws/src/simulation/install/simulation/share/simulation/cmake/simulationConfig-version.cmake
[1.364s] -- Installing: /home/beraa/ros2_ws/src/simulation/install/simulation/share/simulation/package.xml
[1.365s] Invoked command in '/home/beraa/ros2_ws/src/simulation/build/simulation' returned '0': CMAKE_PREFIX_PATH=${CMAKE_PREFIX_PATH}:/opt/ros/humble /usr/bin/cmake --install /home/beraa/ros2_ws/src/simulation/build/simulation
