-- The C compiler identification is GNU 11.4.0
-- The CXX compiler identification is GNU 11.4.0
-- Detecting C compiler ABI info
-- Detecting C compiler ABI info - done
-- Check for working C compiler: /usr/bin/cc - skipped
-- Detecting C compile features
-- Detecting C compile features - done
-- Detecting CXX compiler ABI info
-- Detecting CXX compiler ABI info - done
-- Check for working CXX compiler: /usr/bin/c++ - skipped
-- Detecting CXX compile features
-- Detecting CXX compile features - done
-- Found ament_cmake: 1.3.11 (/opt/ros/humble/share/ament_cmake/cmake)
-- Found Python3: /usr/bin/python3 (found version "3.10.12") found components: Interpreter 
-- Configuring done
-- Generating done
[33mCMake Warning:
  Manually-specified variables were not used by the project:

    CATKIN_INSTALL_INTO_PREFIX_ROOT

[0m
-- Build files have been written to: /home/beraa/ros2_ws/build/dolly
-- Install configuration: ""
-- Installing: /home/beraa/ros2_ws/install/dolly/share/ament_index/resource_index/package_run_dependencies/dolly
-- Installing: /home/beraa/ros2_ws/install/dolly/share/ament_index/resource_index/parent_prefix_path/dolly
-- Installing: /home/beraa/ros2_ws/install/dolly/share/dolly/environment/ament_prefix_path.sh
-- Installing: /home/beraa/ros2_ws/install/dolly/share/dolly/environment/ament_prefix_path.dsv
-- Installing: /home/beraa/ros2_ws/install/dolly/share/dolly/environment/path.sh
-- Installing: /home/beraa/ros2_ws/install/dolly/share/dolly/environment/path.dsv
-- Installing: /home/beraa/ros2_ws/install/dolly/share/dolly/local_setup.bash
-- Installing: /home/beraa/ros2_ws/install/dolly/share/dolly/local_setup.sh
-- Installing: /home/beraa/ros2_ws/install/dolly/share/dolly/local_setup.zsh
-- Installing: /home/beraa/ros2_ws/install/dolly/share/dolly/local_setup.dsv
-- Installing: /home/beraa/ros2_ws/install/dolly/share/dolly/package.dsv
-- Installing: /home/beraa/ros2_ws/install/dolly/share/ament_index/resource_index/packages/dolly
-- Installing: /home/beraa/ros2_ws/install/dolly/share/dolly/cmake/dollyConfig.cmake
-- Installing: /home/beraa/ros2_ws/install/dolly/share/dolly/cmake/dollyConfig-version.cmake
-- Installing: /home/beraa/ros2_ws/install/dolly/share/dolly/package.xml
