[0.007s] Invoking command in '/home/beraa/ros2_ws/build/dolly': /usr/bin/cmake /home/beraa/ros2_ws/src/dolly -DCATKIN_INSTALL_INTO_PREFIX_ROOT=0 -DCMAKE_INSTALL_PREFIX=/home/beraa/ros2_ws/install/dolly
[0.042s] -- The C compiler identification is GNU 11.4.0
[0.085s] -- The CXX compiler identification is GNU 11.4.0
[0.090s] -- Detecting C compiler ABI info
[0.138s] -- Detecting C compiler ABI info - done
[0.143s] -- Check for working C compiler: /usr/bin/cc - skipped
[0.143s] -- Detecting C compile features
[0.144s] -- Detecting C compile features - done
[0.146s] -- Detecting CXX compiler ABI info
[0.213s] -- Detecting CXX compiler ABI info - done
[0.219s] -- Check for working CXX compiler: /usr/bin/c++ - skipped
[0.219s] -- Detecting CXX compile features
[0.219s] -- Detecting CXX compile features - done
[0.221s] -- Found ament_cmake: 1.3.11 (/opt/ros/humble/share/ament_cmake/cmake)
[0.310s] -- Found Python3: /usr/bin/python3 (found version "3.10.12") found components: Interpreter 
[0.396s] -- Configuring done
[0.397s] -- Generating done
[0.397s] [33mCMake Warning:
[0.398s]   Manually-specified variables were not used by the project:
[0.398s] 
[0.398s]     CATKIN_INSTALL_INTO_PREFIX_ROOT
[0.398s] 
[0.398s] [0m
[0.398s] -- Build files have been written to: /home/beraa/ros2_ws/build/dolly
[0.400s] Invoked command in '/home/beraa/ros2_ws/build/dolly' returned '0': /usr/bin/cmake /home/beraa/ros2_ws/src/dolly -DCATKIN_INSTALL_INTO_PREFIX_ROOT=0 -DCMAKE_INSTALL_PREFIX=/home/beraa/ros2_ws/install/dolly
[0.401s] Invoking command in '/home/beraa/ros2_ws/build/dolly': /usr/bin/cmake --build /home/beraa/ros2_ws/build/dolly -- -j20 -l20
[0.426s] Invoked command in '/home/beraa/ros2_ws/build/dolly' returned '0': /usr/bin/cmake --build /home/beraa/ros2_ws/build/dolly -- -j20 -l20
[0.434s] Invoking command in '/home/beraa/ros2_ws/build/dolly': /usr/bin/cmake --install /home/beraa/ros2_ws/build/dolly
[0.439s] -- Install configuration: ""
[0.439s] -- Installing: /home/beraa/ros2_ws/install/dolly/share/ament_index/resource_index/package_run_dependencies/dolly
[0.439s] -- Installing: /home/beraa/ros2_ws/install/dolly/share/ament_index/resource_index/parent_prefix_path/dolly
[0.439s] -- Installing: /home/beraa/ros2_ws/install/dolly/share/dolly/environment/ament_prefix_path.sh
[0.439s] -- Installing: /home/beraa/ros2_ws/install/dolly/share/dolly/environment/ament_prefix_path.dsv
[0.439s] -- Installing: /home/beraa/ros2_ws/install/dolly/share/dolly/environment/path.sh
[0.439s] -- Installing: /home/beraa/ros2_ws/install/dolly/share/dolly/environment/path.dsv
[0.439s] -- Installing: /home/beraa/ros2_ws/install/dolly/share/dolly/local_setup.bash
[0.439s] -- Installing: /home/beraa/ros2_ws/install/dolly/share/dolly/local_setup.sh
[0.439s] -- Installing: /home/beraa/ros2_ws/install/dolly/share/dolly/local_setup.zsh
[0.439s] -- Installing: /home/beraa/ros2_ws/install/dolly/share/dolly/local_setup.dsv
[0.439s] -- Installing: /home/beraa/ros2_ws/install/dolly/share/dolly/package.dsv
[0.439s] -- Installing: /home/beraa/ros2_ws/install/dolly/share/ament_index/resource_index/packages/dolly
[0.439s] -- Installing: /home/beraa/ros2_ws/install/dolly/share/dolly/cmake/dollyConfig.cmake
[0.439s] -- Installing: /home/beraa/ros2_ws/install/dolly/share/dolly/cmake/dollyConfig-version.cmake
[0.439s] -- Installing: /home/beraa/ros2_ws/install/dolly/share/dolly/package.xml
[0.440s] Invoked command in '/home/beraa/ros2_ws/build/dolly' returned '0': /usr/bin/cmake --install /home/beraa/ros2_ws/build/dolly
