-- Install configuration: ""
-- Up-to-date: /home/beraa/ros2_ws/src/simulation/install/simulation/share/simulation/launch
-- Up-to-date: /home/beraa/ros2_ws/src/simulation/install/simulation/share/simulation/launch/map.launch.py
-- Up-to-date: /home/beraa/ros2_ws/src/simulation/install/simulation/share/simulation/launch/robotaksi.launch.py
-- Up-to-date: /home/beraa/ros2_ws/src/simulation/install/simulation/share/simulation/launch/spawn_via.launch.py
-- Up-to-date: /home/beraa/ros2_ws/src/simulation/install/simulation/share/simulation/launch/new_map_launch.py
-- Up-to-date: /home/beraa/ros2_ws/src/simulation/install/simulation/share/simulation/launch/via.launch.py
-- Up-to-date: /home/beraa/ros2_ws/src/simulation/install/simulation/share/simulation/worlds
-- Up-to-date: /home/beraa/ros2_ws/src/simulation/install/simulation/share/simulation/worlds/tfest_deneme.world
-- Up-to-date: /home/beraa/ros2_ws/src/simulation/install/simulation/share/simulation/worlds/new_world.world
-- Up-to-date: /home/beraa/ros2_ws/src/simulation/install/simulation/share/simulation/worlds/ttfest_katot.world
-- Up-to-date: /home/beraa/ros2_ws/src/simulation/install/simulation/share/simulation/worlds/tfest_0.world
-- Up-to-date: /home/beraa/ros2_ws/src/simulation/install/simulation/share/simulation/scripts
-- Up-to-date: /home/beraa/ros2_ws/src/simulation/install/simulation/share/simulation/scripts/control_node.py
-- Up-to-date: /home/beraa/ros2_ws/src/simulation/install/simulation/share/simulation/scripts/camera_node.py
-- Up-to-date: /home/beraa/ros2_ws/src/simulation/install/simulation/share/simulation/scripts/traffic_lights_service.py
-- Up-to-date: /home/beraa/ros2_ws/src/simulation/install/simulation/share/simulation/meshes
-- Up-to-date: /home/beraa/ros2_ws/src/simulation/install/simulation/share/simulation/meshes/Lowpolyhuman.dae
-- Up-to-date: /home/beraa/ros2_ws/src/simulation/install/simulation/share/simulation/urdf
-- Up-to-date: /home/beraa/ros2_ws/src/simulation/install/simulation/share/simulation/urdf/dolly.urdf
-- Up-to-date: /home/beraa/ros2_ws/src/simulation/install/simulation/share/simulation/models
-- Up-to-date: /home/beraa/ros2_ws/src/simulation/install/simulation/share/simulation/models/traffic_light_red
-- Up-to-date: /home/beraa/ros2_ws/src/simulation/install/simulation/share/simulation/models/traffic_light_red/model.sdf
-- Up-to-date: /home/beraa/ros2_ws/src/simulation/install/simulation/share/simulation/models/traffic_light_red/meshes
-- Up-to-date: /home/beraa/ros2_ws/src/simulation/install/simulation/share/simulation/models/traffic_light_red/meshes/model.dae
-- Up-to-date: /home/beraa/ros2_ws/src/simulation/install/simulation/share/simulation/models/traffic_light_red/model.config
-- Up-to-date: /home/beraa/ros2_ws/src/simulation/install/simulation/share/simulation/models/traffic_light_yellow
-- Up-to-date: /home/beraa/ros2_ws/src/simulation/install/simulation/share/simulation/models/traffic_light_yellow/model.sdf
-- Up-to-date: /home/beraa/ros2_ws/src/simulation/install/simulation/share/simulation/models/traffic_light_yellow/meshes
-- Up-to-date: /home/beraa/ros2_ws/src/simulation/install/simulation/share/simulation/models/traffic_light_yellow/meshes/model.dae
-- Up-to-date: /home/beraa/ros2_ws/src/simulation/install/simulation/share/simulation/models/traffic_light_yellow/model.config
-- Up-to-date: /home/beraa/ros2_ws/src/simulation/install/simulation/share/simulation/models/sign_durak
-- Up-to-date: /home/beraa/ros2_ws/src/simulation/install/simulation/share/simulation/models/sign_durak/model.sdf
-- Up-to-date: /home/beraa/ros2_ws/src/simulation/install/simulation/share/simulation/models/sign_durak/meshes
-- Up-to-date: /home/beraa/ros2_ws/src/simulation/install/simulation/share/simulation/models/sign_durak/meshes/model.dae
-- Up-to-date: /home/beraa/ros2_ws/src/simulation/install/simulation/share/simulation/models/sign_durak/meshes/durak.png
-- Up-to-date: /home/beraa/ros2_ws/src/simulation/install/simulation/share/simulation/models/sign_durak/model.config
-- Up-to-date: /home/beraa/ros2_ws/src/simulation/install/simulation/share/simulation/models/tunel_levhasi
-- Up-to-date: /home/beraa/ros2_ws/src/simulation/install/simulation/share/simulation/models/tunel_levhasi/model.sdf
-- Up-to-date: /home/beraa/ros2_ws/src/simulation/install/simulation/share/simulation/models/tunel_levhasi/meshes
-- Up-to-date: /home/beraa/ros2_ws/src/simulation/install/simulation/share/simulation/models/tunel_levhasi/meshes/tunellevhasi.dae
-- Up-to-date: /home/beraa/ros2_ws/src/simulation/install/simulation/share/simulation/models/tunel_levhasi/meshes/tunellevhasi.jpeg
-- Up-to-date: /home/beraa/ros2_ws/src/simulation/install/simulation/share/simulation/models/tunel_levhasi/model.config
-- Up-to-date: /home/beraa/ros2_ws/src/simulation/install/simulation/share/simulation/models/sign_park
-- Up-to-date: /home/beraa/ros2_ws/src/simulation/install/simulation/share/simulation/models/sign_park/model.sdf
-- Up-to-date: /home/beraa/ros2_ws/src/simulation/install/simulation/share/simulation/models/sign_park/meshes
-- Up-to-date: /home/beraa/ros2_ws/src/simulation/install/simulation/share/simulation/models/sign_park/meshes/park.png
-- Up-to-date: /home/beraa/ros2_ws/src/simulation/install/simulation/share/simulation/models/sign_park/meshes/model.dae
-- Up-to-date: /home/beraa/ros2_ws/src/simulation/install/simulation/share/simulation/models/sign_park/model.config
-- Up-to-date: /home/beraa/ros2_ws/src/simulation/install/simulation/share/simulation/models/sign_ilerisag
-- Up-to-date: /home/beraa/ros2_ws/src/simulation/install/simulation/share/simulation/models/sign_ilerisag/model.sdf
-- Up-to-date: /home/beraa/ros2_ws/src/simulation/install/simulation/share/simulation/models/sign_ilerisag/meshes
-- Up-to-date: /home/beraa/ros2_ws/src/simulation/install/simulation/share/simulation/models/sign_ilerisag/meshes/model.dae
-- Up-to-date: /home/beraa/ros2_ws/src/simulation/install/simulation/share/simulation/models/sign_ilerisag/meshes/ilerisag.png
-- Up-to-date: /home/beraa/ros2_ws/src/simulation/install/simulation/share/simulation/models/sign_ilerisag/model.config
-- Up-to-date: /home/beraa/ros2_ws/src/simulation/install/simulation/share/simulation/models/sign_sagadonulmez
-- Up-to-date: /home/beraa/ros2_ws/src/simulation/install/simulation/share/simulation/models/sign_sagadonulmez/model.sdf
-- Up-to-date: /home/beraa/ros2_ws/src/simulation/install/simulation/share/simulation/models/sign_sagadonulmez/meshes
-- Up-to-date: /home/beraa/ros2_ws/src/simulation/install/simulation/share/simulation/models/sign_sagadonulmez/meshes/model.dae
-- Up-to-date: /home/beraa/ros2_ws/src/simulation/install/simulation/share/simulation/models/sign_sagadonulmez/meshes/sagadonulmez.png
-- Up-to-date: /home/beraa/ros2_ws/src/simulation/install/simulation/share/simulation/models/sign_sagadonulmez/model.config
-- Up-to-date: /home/beraa/ros2_ws/src/simulation/install/simulation/share/simulation/models/sign_ileri
-- Up-to-date: /home/beraa/ros2_ws/src/simulation/install/simulation/share/simulation/models/sign_ileri/model.sdf
-- Up-to-date: /home/beraa/ros2_ws/src/simulation/install/simulation/share/simulation/models/sign_ileri/meshes
-- Up-to-date: /home/beraa/ros2_ws/src/simulation/install/simulation/share/simulation/models/sign_ileri/meshes/ileri.png
-- Up-to-date: /home/beraa/ros2_ws/src/simulation/install/simulation/share/simulation/models/sign_ileri/meshes/model.dae
-- Up-to-date: /home/beraa/ros2_ws/src/simulation/install/simulation/share/simulation/models/sign_ileri/model.config
-- Up-to-date: /home/beraa/ros2_ws/src/simulation/install/simulation/share/simulation/models/new_map
-- Up-to-date: /home/beraa/ros2_ws/src/simulation/install/simulation/share/simulation/models/new_map/model.sdf
-- Up-to-date: /home/beraa/ros2_ws/src/simulation/install/simulation/share/simulation/models/new_map/new_world.world
-- Up-to-date: /home/beraa/ros2_ws/src/simulation/install/simulation/share/simulation/models/new_map/meshes
-- Up-to-date: /home/beraa/ros2_ws/src/simulation/install/simulation/share/simulation/models/new_map/meshes/car4.png
-- Up-to-date: /home/beraa/ros2_ws/src/simulation/install/simulation/share/simulation/models/new_map/meshes/car5.png
-- Up-to-date: /home/beraa/ros2_ws/src/simulation/install/simulation/share/simulation/models/new_map/meshes/car3.png
-- Up-to-date: /home/beraa/ros2_ws/src/simulation/install/simulation/share/simulation/models/new_map/meshes/road_texture4.png
-- Up-to-date: /home/beraa/ros2_ws/src/simulation/install/simulation/share/simulation/models/new_map/meshes/my_texture.png
-- Up-to-date: /home/beraa/ros2_ws/src/simulation/install/simulation/share/simulation/models/new_map/meshes/road_texture2.png
-- Up-to-date: /home/beraa/ros2_ws/src/simulation/install/simulation/share/simulation/models/new_map/meshes/car2.png
-- Up-to-date: /home/beraa/ros2_ws/src/simulation/install/simulation/share/simulation/models/new_map/meshes/harita8temmuz.dae
-- Up-to-date: /home/beraa/ros2_ws/src/simulation/install/simulation/share/simulation/models/new_map/meshes/car1.png
-- Up-to-date: /home/beraa/ros2_ws/src/simulation/install/simulation/share/simulation/models/new_map/meshes/haritason.png
-- Up-to-date: /home/beraa/ros2_ws/src/simulation/install/simulation/share/simulation/models/new_map/meshes/road_texture.png
-- Up-to-date: /home/beraa/ros2_ws/src/simulation/install/simulation/share/simulation/models/new_map/meshes/road_texture3.png
-- Up-to-date: /home/beraa/ros2_ws/src/simulation/install/simulation/share/simulation/models/new_map/model.config
-- Up-to-date: /home/beraa/ros2_ws/src/simulation/install/simulation/share/simulation/models/sign_parkyasak
-- Up-to-date: /home/beraa/ros2_ws/src/simulation/install/simulation/share/simulation/models/sign_parkyasak/model.sdf
-- Up-to-date: /home/beraa/ros2_ws/src/simulation/install/simulation/share/simulation/models/sign_parkyasak/meshes
-- Up-to-date: /home/beraa/ros2_ws/src/simulation/install/simulation/share/simulation/models/sign_parkyasak/meshes/model.dae
-- Up-to-date: /home/beraa/ros2_ws/src/simulation/install/simulation/share/simulation/models/sign_parkyasak/meshes/parkyasak.png
-- Up-to-date: /home/beraa/ros2_ws/src/simulation/install/simulation/share/simulation/models/sign_parkyasak/model.config
-- Up-to-date: /home/beraa/ros2_ws/src/simulation/install/simulation/share/simulation/models/tunnel
-- Up-to-date: /home/beraa/ros2_ws/src/simulation/install/simulation/share/simulation/models/tunnel/model.sdf
-- Up-to-date: /home/beraa/ros2_ws/src/simulation/install/simulation/share/simulation/models/tunnel/meshes
-- Up-to-date: /home/beraa/ros2_ws/src/simulation/install/simulation/share/simulation/models/tunnel/meshes/model.dae
-- Up-to-date: /home/beraa/ros2_ws/src/simulation/install/simulation/share/simulation/models/tunnel/model.config
-- Up-to-date: /home/beraa/ros2_ws/src/simulation/install/simulation/share/simulation/models/dolly
-- Up-to-date: /home/beraa/ros2_ws/src/simulation/install/simulation/share/simulation/models/dolly/meshes
-- Up-to-date: /home/beraa/ros2_ws/src/simulation/install/simulation/share/simulation/models/dolly/meshes/Lowpolyhuman.dae
-- Up-to-date: /home/beraa/ros2_ws/src/simulation/install/simulation/share/simulation/models/sign_ikiyon
-- Up-to-date: /home/beraa/ros2_ws/src/simulation/install/simulation/share/simulation/models/sign_ikiyon/model.sdf
-- Up-to-date: /home/beraa/ros2_ws/src/simulation/install/simulation/share/simulation/models/sign_ikiyon/meshes
-- Up-to-date: /home/beraa/ros2_ws/src/simulation/install/simulation/share/simulation/models/sign_ikiyon/meshes/ikiyon.png
-- Up-to-date: /home/beraa/ros2_ws/src/simulation/install/simulation/share/simulation/models/sign_ikiyon/meshes/model.dae
-- Up-to-date: /home/beraa/ros2_ws/src/simulation/install/simulation/share/simulation/models/sign_ikiyon/model.config
-- Up-to-date: /home/beraa/ros2_ws/src/simulation/install/simulation/share/simulation/models/sign_sag
-- Up-to-date: /home/beraa/ros2_ws/src/simulation/install/simulation/share/simulation/models/sign_sag/model.sdf
-- Up-to-date: /home/beraa/ros2_ws/src/simulation/install/simulation/share/simulation/models/sign_sag/meshes
-- Up-to-date: /home/beraa/ros2_ws/src/simulation/install/simulation/share/simulation/models/sign_sag/meshes/sag.png
-- Up-to-date: /home/beraa/ros2_ws/src/simulation/install/simulation/share/simulation/models/sign_sag/meshes/model.dae
-- Up-to-date: /home/beraa/ros2_ws/src/simulation/install/simulation/share/simulation/models/sign_sag/model.config
-- Up-to-date: /home/beraa/ros2_ws/src/simulation/install/simulation/share/simulation/models/sign_yaya
-- Up-to-date: /home/beraa/ros2_ws/src/simulation/install/simulation/share/simulation/models/sign_yaya/model.sdf
-- Up-to-date: /home/beraa/ros2_ws/src/simulation/install/simulation/share/simulation/models/sign_yaya/meshes
-- Up-to-date: /home/beraa/ros2_ws/src/simulation/install/simulation/share/simulation/models/sign_yaya/meshes/model.dae
-- Up-to-date: /home/beraa/ros2_ws/src/simulation/install/simulation/share/simulation/models/sign_yaya/meshes/yaya.png
-- Up-to-date: /home/beraa/ros2_ws/src/simulation/install/simulation/share/simulation/models/sign_yaya/model.config
-- Up-to-date: /home/beraa/ros2_ws/src/simulation/install/simulation/share/simulation/models/kazi_calismasi
-- Up-to-date: /home/beraa/ros2_ws/src/simulation/install/simulation/share/simulation/models/kazi_calismasi/model.sdf
-- Up-to-date: /home/beraa/ros2_ws/src/simulation/install/simulation/share/simulation/models/kazi_calismasi/meshes
-- Up-to-date: /home/beraa/ros2_ws/src/simulation/install/simulation/share/simulation/models/kazi_calismasi/meshes/kazi_calismasi.dae
-- Up-to-date: /home/beraa/ros2_ws/src/simulation/install/simulation/share/simulation/models/kazi_calismasi/meshes/kazicalismasi.jpeg
-- Up-to-date: /home/beraa/ros2_ws/src/simulation/install/simulation/share/simulation/models/kazi_calismasi/model.config
-- Up-to-date: /home/beraa/ros2_ws/src/simulation/install/simulation/share/simulation/models/sign_donel
-- Up-to-date: /home/beraa/ros2_ws/src/simulation/install/simulation/share/simulation/models/sign_donel/model.sdf
-- Up-to-date: /home/beraa/ros2_ws/src/simulation/install/simulation/share/simulation/models/sign_donel/meshes
-- Up-to-date: /home/beraa/ros2_ws/src/simulation/install/simulation/share/simulation/models/sign_donel/meshes/model.dae
-- Up-to-date: /home/beraa/ros2_ws/src/simulation/install/simulation/share/simulation/models/sign_donel/meshes/donel.png
-- Up-to-date: /home/beraa/ros2_ws/src/simulation/install/simulation/share/simulation/models/sign_donel/model.config
-- Up-to-date: /home/beraa/ros2_ws/src/simulation/install/simulation/share/simulation/models/road
-- Up-to-date: /home/beraa/ros2_ws/src/simulation/install/simulation/share/simulation/models/road/model.sdf
-- Up-to-date: /home/beraa/ros2_ws/src/simulation/install/simulation/share/simulation/models/road/meshes
-- Up-to-date: /home/beraa/ros2_ws/src/simulation/install/simulation/share/simulation/models/road/meshes/road_full0.dae
-- Up-to-date: /home/beraa/ros2_ws/src/simulation/install/simulation/share/simulation/models/road/model.config
-- Up-to-date: /home/beraa/ros2_ws/src/simulation/install/simulation/share/simulation/models/sign_parkyapilmaz
-- Up-to-date: /home/beraa/ros2_ws/src/simulation/install/simulation/share/simulation/models/sign_parkyapilmaz/model.sdf
-- Up-to-date: /home/beraa/ros2_ws/src/simulation/install/simulation/share/simulation/models/sign_parkyapilmaz/meshes
-- Up-to-date: /home/beraa/ros2_ws/src/simulation/install/simulation/share/simulation/models/sign_parkyapilmaz/meshes/parkyapilmaz.png
-- Up-to-date: /home/beraa/ros2_ws/src/simulation/install/simulation/share/simulation/models/sign_parkyapilmaz/meshes/model.dae
-- Up-to-date: /home/beraa/ros2_ws/src/simulation/install/simulation/share/simulation/models/sign_parkyapilmaz/model.config
-- Up-to-date: /home/beraa/ros2_ws/src/simulation/install/simulation/share/simulation/models/obstacle_red
-- Up-to-date: /home/beraa/ros2_ws/src/simulation/install/simulation/share/simulation/models/obstacle_red/model.sdf
-- Up-to-date: /home/beraa/ros2_ws/src/simulation/install/simulation/share/simulation/models/obstacle_red/meshes
-- Up-to-date: /home/beraa/ros2_ws/src/simulation/install/simulation/share/simulation/models/obstacle_red/meshes/model.dae
-- Up-to-date: /home/beraa/ros2_ws/src/simulation/install/simulation/share/simulation/models/obstacle_red/model.config
-- Up-to-date: /home/beraa/ros2_ws/src/simulation/install/simulation/share/simulation/models/sign_sol
-- Up-to-date: /home/beraa/ros2_ws/src/simulation/install/simulation/share/simulation/models/sign_sol/model.sdf
-- Up-to-date: /home/beraa/ros2_ws/src/simulation/install/simulation/share/simulation/models/sign_sol/meshes
-- Up-to-date: /home/beraa/ros2_ws/src/simulation/install/simulation/share/simulation/models/sign_sol/meshes/sol.png
-- Up-to-date: /home/beraa/ros2_ws/src/simulation/install/simulation/share/simulation/models/sign_sol/meshes/model.dae
-- Up-to-date: /home/beraa/ros2_ws/src/simulation/install/simulation/share/simulation/models/sign_sol/model.config
-- Up-to-date: /home/beraa/ros2_ws/src/simulation/install/simulation/share/simulation/models/traffic_light_green
-- Up-to-date: /home/beraa/ros2_ws/src/simulation/install/simulation/share/simulation/models/traffic_light_green/model.sdf
-- Up-to-date: /home/beraa/ros2_ws/src/simulation/install/simulation/share/simulation/models/traffic_light_green/meshes
-- Up-to-date: /home/beraa/ros2_ws/src/simulation/install/simulation/share/simulation/models/traffic_light_green/meshes/model.dae
-- Up-to-date: /home/beraa/ros2_ws/src/simulation/install/simulation/share/simulation/models/traffic_light_green/model.config
-- Up-to-date: /home/beraa/ros2_ws/src/simulation/install/simulation/share/simulation/models/sign_sagamecburi
-- Up-to-date: /home/beraa/ros2_ws/src/simulation/install/simulation/share/simulation/models/sign_sagamecburi/model.sdf
-- Up-to-date: /home/beraa/ros2_ws/src/simulation/install/simulation/share/simulation/models/sign_sagamecburi/meshes
-- Up-to-date: /home/beraa/ros2_ws/src/simulation/install/simulation/share/simulation/models/sign_sagamecburi/meshes/model.dae
-- Up-to-date: /home/beraa/ros2_ws/src/simulation/install/simulation/share/simulation/models/sign_sagamecburi/meshes/sagamecburi.png
-- Up-to-date: /home/beraa/ros2_ws/src/simulation/install/simulation/share/simulation/models/sign_sagamecburi/model.config
-- Up-to-date: /home/beraa/ros2_ws/src/simulation/install/simulation/share/simulation/models/sign_soladonulmez
-- Up-to-date: /home/beraa/ros2_ws/src/simulation/install/simulation/share/simulation/models/sign_soladonulmez/model.sdf
-- Up-to-date: /home/beraa/ros2_ws/src/simulation/install/simulation/share/simulation/models/sign_soladonulmez/meshes
-- Up-to-date: /home/beraa/ros2_ws/src/simulation/install/simulation/share/simulation/models/sign_soladonulmez/meshes/soladonulmez.png
-- Up-to-date: /home/beraa/ros2_ws/src/simulation/install/simulation/share/simulation/models/sign_soladonulmez/meshes/model.dae
-- Up-to-date: /home/beraa/ros2_ws/src/simulation/install/simulation/share/simulation/models/sign_soladonulmez/model.config
-- Up-to-date: /home/beraa/ros2_ws/src/simulation/install/simulation/share/simulation/models/sign_engelli
-- Up-to-date: /home/beraa/ros2_ws/src/simulation/install/simulation/share/simulation/models/sign_engelli/model.sdf
-- Up-to-date: /home/beraa/ros2_ws/src/simulation/install/simulation/share/simulation/models/sign_engelli/meshes
-- Up-to-date: /home/beraa/ros2_ws/src/simulation/install/simulation/share/simulation/models/sign_engelli/meshes/engelli.png
-- Up-to-date: /home/beraa/ros2_ws/src/simulation/install/simulation/share/simulation/models/sign_engelli/meshes/model.dae
-- Up-to-date: /home/beraa/ros2_ws/src/simulation/install/simulation/share/simulation/models/sign_engelli/model.config
-- Up-to-date: /home/beraa/ros2_ws/src/simulation/install/simulation/share/simulation/models/sign_solamecburi
-- Up-to-date: /home/beraa/ros2_ws/src/simulation/install/simulation/share/simulation/models/sign_solamecburi/model.sdf
-- Up-to-date: /home/beraa/ros2_ws/src/simulation/install/simulation/share/simulation/models/sign_solamecburi/meshes
-- Up-to-date: /home/beraa/ros2_ws/src/simulation/install/simulation/share/simulation/models/sign_solamecburi/meshes/model.dae
-- Up-to-date: /home/beraa/ros2_ws/src/simulation/install/simulation/share/simulation/models/sign_solamecburi/meshes/solamecburi.png
-- Up-to-date: /home/beraa/ros2_ws/src/simulation/install/simulation/share/simulation/models/sign_solamecburi/model.config
-- Up-to-date: /home/beraa/ros2_ws/src/simulation/install/simulation/share/simulation/models/sign_girisyok
-- Up-to-date: /home/beraa/ros2_ws/src/simulation/install/simulation/share/simulation/models/sign_girisyok/model.sdf
-- Up-to-date: /home/beraa/ros2_ws/src/simulation/install/simulation/share/simulation/models/sign_girisyok/meshes
-- Up-to-date: /home/beraa/ros2_ws/src/simulation/install/simulation/share/simulation/models/sign_girisyok/meshes/girisyok.png
-- Up-to-date: /home/beraa/ros2_ws/src/simulation/install/simulation/share/simulation/models/sign_girisyok/meshes/model.dae
-- Up-to-date: /home/beraa/ros2_ws/src/simulation/install/simulation/share/simulation/models/sign_girisyok/model.config
-- Up-to-date: /home/beraa/ros2_ws/src/simulation/install/simulation/share/simulation/models/obstacle_white
-- Up-to-date: /home/beraa/ros2_ws/src/simulation/install/simulation/share/simulation/models/obstacle_white/model.sdf
-- Up-to-date: /home/beraa/ros2_ws/src/simulation/install/simulation/share/simulation/models/obstacle_white/meshes
-- Up-to-date: /home/beraa/ros2_ws/src/simulation/install/simulation/share/simulation/models/obstacle_white/meshes/model.dae
-- Up-to-date: /home/beraa/ros2_ws/src/simulation/install/simulation/share/simulation/models/obstacle_white/model.config
-- Up-to-date: /home/beraa/ros2_ws/src/simulation/install/simulation/share/ament_index/resource_index/package_run_dependencies/simulation
-- Up-to-date: /home/beraa/ros2_ws/src/simulation/install/simulation/share/ament_index/resource_index/parent_prefix_path/simulation
-- Up-to-date: /home/beraa/ros2_ws/src/simulation/install/simulation/share/simulation/environment/ament_prefix_path.sh
-- Up-to-date: /home/beraa/ros2_ws/src/simulation/install/simulation/share/simulation/environment/ament_prefix_path.dsv
-- Up-to-date: /home/beraa/ros2_ws/src/simulation/install/simulation/share/simulation/environment/path.sh
-- Up-to-date: /home/beraa/ros2_ws/src/simulation/install/simulation/share/simulation/environment/path.dsv
-- Up-to-date: /home/beraa/ros2_ws/src/simulation/install/simulation/share/simulation/local_setup.bash
-- Up-to-date: /home/beraa/ros2_ws/src/simulation/install/simulation/share/simulation/local_setup.sh
-- Up-to-date: /home/beraa/ros2_ws/src/simulation/install/simulation/share/simulation/local_setup.zsh
-- Up-to-date: /home/beraa/ros2_ws/src/simulation/install/simulation/share/simulation/local_setup.dsv
-- Up-to-date: /home/beraa/ros2_ws/src/simulation/install/simulation/share/simulation/package.dsv
-- Up-to-date: /home/beraa/ros2_ws/src/simulation/install/simulation/share/ament_index/resource_index/packages/simulation
-- Up-to-date: /home/beraa/ros2_ws/src/simulation/install/simulation/share/simulation/cmake/simulationConfig.cmake
-- Up-to-date: /home/beraa/ros2_ws/src/simulation/install/simulation/share/simulation/cmake/simulationConfig-version.cmake
-- Up-to-date: /home/beraa/ros2_ws/src/simulation/install/simulation/share/simulation/package.xml
