[0.008s] Invoking command in '/home/beraa/ros2_ws/src/simulation/build/simulation': CMAKE_PREFIX_PATH=${CMAKE_PREFIX_PATH}:/opt/ros/humble /usr/bin/cmake --build /home/beraa/ros2_ws/src/simulation/build/simulation -- -j20 -l20
[0.034s] Invoked command in '/home/beraa/ros2_ws/src/simulation/build/simulation' returned '0': CMAKE_PREFIX_PATH=${CMAKE_PREFIX_PATH}:/opt/ros/humble /usr/bin/cmake --build /home/beraa/ros2_ws/src/simulation/build/simulation -- -j20 -l20
[0.040s] Invoking command in '/home/beraa/ros2_ws/src/simulation/build/simulation': CMAKE_PREFIX_PATH=${CMAKE_PREFIX_PATH}:/opt/ros/humble /usr/bin/cmake --install /home/beraa/ros2_ws/src/simulation/build/simulation
[0.045s] -- Install configuration: ""
[0.045s] -- Up-to-date: /home/beraa/ros2_ws/src/simulation/install/simulation/share/simulation/launch
[0.045s] -- Up-to-date: /home/beraa/ros2_ws/src/simulation/install/simulation/share/simulation/launch/map.launch.py
[0.045s] -- Up-to-date: /home/beraa/ros2_ws/src/simulation/install/simulation/share/simulation/launch/robotaksi.launch.py
[0.045s] -- Up-to-date: /home/beraa/ros2_ws/src/simulation/install/simulation/share/simulation/launch/spawn_via.launch.py
[0.045s] -- Up-to-date: /home/beraa/ros2_ws/src/simulation/install/simulation/share/simulation/launch/new_map_launch.py
[0.045s] -- Up-to-date: /home/beraa/ros2_ws/src/simulation/install/simulation/share/simulation/launch/via.launch.py
[0.045s] -- Up-to-date: /home/beraa/ros2_ws/src/simulation/install/simulation/share/simulation/worlds
[0.045s] -- Up-to-date: /home/beraa/ros2_ws/src/simulation/install/simulation/share/simulation/worlds/tfest_deneme.world
[0.045s] -- Up-to-date: /home/beraa/ros2_ws/src/simulation/install/simulation/share/simulation/worlds/new_world.world
[0.045s] -- Up-to-date: /home/beraa/ros2_ws/src/simulation/install/simulation/share/simulation/worlds/ttfest_katot.world
[0.045s] -- Up-to-date: /home/beraa/ros2_ws/src/simulation/install/simulation/share/simulation/worlds/tfest_0.world
[0.045s] -- Up-to-date: /home/beraa/ros2_ws/src/simulation/install/simulation/share/simulation/scripts
[0.045s] -- Up-to-date: /home/beraa/ros2_ws/src/simulation/install/simulation/share/simulation/scripts/control_node.py
[0.046s] -- Up-to-date: /home/beraa/ros2_ws/src/simulation/install/simulation/share/simulation/scripts/camera_node.py
[0.046s] -- Up-to-date: /home/beraa/ros2_ws/src/simulation/install/simulation/share/simulation/scripts/traffic_lights_service.py
[0.046s] -- Up-to-date: /home/beraa/ros2_ws/src/simulation/install/simulation/share/simulation/meshes
[0.046s] -- Up-to-date: /home/beraa/ros2_ws/src/simulation/install/simulation/share/simulation/meshes/Lowpolyhuman.dae
[0.046s] -- Up-to-date: /home/beraa/ros2_ws/src/simulation/install/simulation/share/simulation/urdf
[0.046s] -- Up-to-date: /home/beraa/ros2_ws/src/simulation/install/simulation/share/simulation/urdf/dolly.urdf
[0.046s] -- Up-to-date: /home/beraa/ros2_ws/src/simulation/install/simulation/share/simulation/models
[0.046s] -- Up-to-date: /home/beraa/ros2_ws/src/simulation/install/simulation/share/simulation/models/traffic_light_red
[0.046s] -- Up-to-date: /home/beraa/ros2_ws/src/simulation/install/simulation/share/simulation/models/traffic_light_red/model.sdf
[0.046s] -- Up-to-date: /home/beraa/ros2_ws/src/simulation/install/simulation/share/simulation/models/traffic_light_red/meshes
[0.046s] -- Up-to-date: /home/beraa/ros2_ws/src/simulation/install/simulation/share/simulation/models/traffic_light_red/meshes/model.dae
[0.046s] -- Up-to-date: /home/beraa/ros2_ws/src/simulation/install/simulation/share/simulation/models/traffic_light_red/model.config
[0.046s] -- Up-to-date: /home/beraa/ros2_ws/src/simulation/install/simulation/share/simulation/models/traffic_light_yellow
[0.046s] -- Up-to-date: /home/beraa/ros2_ws/src/simulation/install/simulation/share/simulation/models/traffic_light_yellow/model.sdf
[0.046s] -- Up-to-date: /home/beraa/ros2_ws/src/simulation/install/simulation/share/simulation/models/traffic_light_yellow/meshes
[0.046s] -- Up-to-date: /home/beraa/ros2_ws/src/simulation/install/simulation/share/simulation/models/traffic_light_yellow/meshes/model.dae
[0.046s] -- Up-to-date: /home/beraa/ros2_ws/src/simulation/install/simulation/share/simulation/models/traffic_light_yellow/model.config
[0.046s] -- Up-to-date: /home/beraa/ros2_ws/src/simulation/install/simulation/share/simulation/models/sign_durak
[0.046s] -- Up-to-date: /home/beraa/ros2_ws/src/simulation/install/simulation/share/simulation/models/sign_durak/model.sdf
[0.046s] -- Up-to-date: /home/beraa/ros2_ws/src/simulation/install/simulation/share/simulation/models/sign_durak/meshes
[0.046s] -- Up-to-date: /home/beraa/ros2_ws/src/simulation/install/simulation/share/simulation/models/sign_durak/meshes/model.dae
[0.046s] -- Up-to-date: /home/beraa/ros2_ws/src/simulation/install/simulation/share/simulation/models/sign_durak/meshes/durak.png
[0.046s] -- Up-to-date: /home/beraa/ros2_ws/src/simulation/install/simulation/share/simulation/models/sign_durak/model.config
[0.046s] -- Up-to-date: /home/beraa/ros2_ws/src/simulation/install/simulation/share/simulation/models/tunel_levhasi
[0.046s] -- Up-to-date: /home/beraa/ros2_ws/src/simulation/install/simulation/share/simulation/models/tunel_levhasi/model.sdf
[0.046s] -- Up-to-date: /home/beraa/ros2_ws/src/simulation/install/simulation/share/simulation/models/tunel_levhasi/meshes
[0.046s] -- Up-to-date: /home/beraa/ros2_ws/src/simulation/install/simulation/share/simulation/models/tunel_levhasi/meshes/tunellevhasi.dae
[0.046s] -- Up-to-date: /home/beraa/ros2_ws/src/simulation/install/simulation/share/simulation/models/tunel_levhasi/meshes/tunellevhasi.jpeg
[0.046s] -- Up-to-date: /home/beraa/ros2_ws/src/simulation/install/simulation/share/simulation/models/tunel_levhasi/model.config
[0.046s] -- Up-to-date: /home/beraa/ros2_ws/src/simulation/install/simulation/share/simulation/models/sign_park
[0.046s] -- Up-to-date: /home/beraa/ros2_ws/src/simulation/install/simulation/share/simulation/models/sign_park/model.sdf
[0.046s] -- Up-to-date: /home/beraa/ros2_ws/src/simulation/install/simulation/share/simulation/models/sign_park/meshes
[0.046s] -- Up-to-date: /home/beraa/ros2_ws/src/simulation/install/simulation/share/simulation/models/sign_park/meshes/park.png
[0.046s] -- Up-to-date: /home/beraa/ros2_ws/src/simulation/install/simulation/share/simulation/models/sign_park/meshes/model.dae
[0.046s] -- Up-to-date: /home/beraa/ros2_ws/src/simulation/install/simulation/share/simulation/models/sign_park/model.config
[0.047s] -- Up-to-date: /home/beraa/ros2_ws/src/simulation/install/simulation/share/simulation/models/sign_ilerisag
[0.047s] -- Up-to-date: /home/beraa/ros2_ws/src/simulation/install/simulation/share/simulation/models/sign_ilerisag/model.sdf
[0.047s] -- Up-to-date: /home/beraa/ros2_ws/src/simulation/install/simulation/share/simulation/models/sign_ilerisag/meshes
[0.047s] -- Up-to-date: /home/beraa/ros2_ws/src/simulation/install/simulation/share/simulation/models/sign_ilerisag/meshes/model.dae
[0.047s] -- Up-to-date: /home/beraa/ros2_ws/src/simulation/install/simulation/share/simulation/models/sign_ilerisag/meshes/ilerisag.png
[0.047s] -- Up-to-date: /home/beraa/ros2_ws/src/simulation/install/simulation/share/simulation/models/sign_ilerisag/model.config
[0.047s] -- Up-to-date: /home/beraa/ros2_ws/src/simulation/install/simulation/share/simulation/models/sign_sagadonulmez
[0.047s] -- Up-to-date: /home/beraa/ros2_ws/src/simulation/install/simulation/share/simulation/models/sign_sagadonulmez/model.sdf
[0.047s] -- Up-to-date: /home/beraa/ros2_ws/src/simulation/install/simulation/share/simulation/models/sign_sagadonulmez/meshes
[0.047s] -- Up-to-date: /home/beraa/ros2_ws/src/simulation/install/simulation/share/simulation/models/sign_sagadonulmez/meshes/model.dae
[0.047s] -- Up-to-date: /home/beraa/ros2_ws/src/simulation/install/simulation/share/simulation/models/sign_sagadonulmez/meshes/sagadonulmez.png
[0.047s] -- Up-to-date: /home/beraa/ros2_ws/src/simulation/install/simulation/share/simulation/models/sign_sagadonulmez/model.config
[0.047s] -- Up-to-date: /home/beraa/ros2_ws/src/simulation/install/simulation/share/simulation/models/sign_ileri
[0.047s] -- Up-to-date: /home/beraa/ros2_ws/src/simulation/install/simulation/share/simulation/models/sign_ileri/model.sdf
[0.047s] -- Up-to-date: /home/beraa/ros2_ws/src/simulation/install/simulation/share/simulation/models/sign_ileri/meshes
[0.047s] -- Up-to-date: /home/beraa/ros2_ws/src/simulation/install/simulation/share/simulation/models/sign_ileri/meshes/ileri.png
[0.047s] -- Up-to-date: /home/beraa/ros2_ws/src/simulation/install/simulation/share/simulation/models/sign_ileri/meshes/model.dae
[0.047s] -- Up-to-date: /home/beraa/ros2_ws/src/simulation/install/simulation/share/simulation/models/sign_ileri/model.config
[0.047s] -- Up-to-date: /home/beraa/ros2_ws/src/simulation/install/simulation/share/simulation/models/new_map
[0.047s] -- Up-to-date: /home/beraa/ros2_ws/src/simulation/install/simulation/share/simulation/models/new_map/model.sdf
[0.047s] -- Up-to-date: /home/beraa/ros2_ws/src/simulation/install/simulation/share/simulation/models/new_map/new_world.world
[0.047s] -- Up-to-date: /home/beraa/ros2_ws/src/simulation/install/simulation/share/simulation/models/new_map/meshes
[0.047s] -- Up-to-date: /home/beraa/ros2_ws/src/simulation/install/simulation/share/simulation/models/new_map/meshes/car4.png
[0.048s] -- Up-to-date: /home/beraa/ros2_ws/src/simulation/install/simulation/share/simulation/models/new_map/meshes/car5.png
[0.048s] -- Up-to-date: /home/beraa/ros2_ws/src/simulation/install/simulation/share/simulation/models/new_map/meshes/car3.png
[0.048s] -- Up-to-date: /home/beraa/ros2_ws/src/simulation/install/simulation/share/simulation/models/new_map/meshes/road_texture4.png
[0.048s] -- Up-to-date: /home/beraa/ros2_ws/src/simulation/install/simulation/share/simulation/models/new_map/meshes/my_texture.png
[0.048s] -- Up-to-date: /home/beraa/ros2_ws/src/simulation/install/simulation/share/simulation/models/new_map/meshes/road_texture2.png
[0.048s] -- Up-to-date: /home/beraa/ros2_ws/src/simulation/install/simulation/share/simulation/models/new_map/meshes/car2.png
[0.048s] -- Up-to-date: /home/beraa/ros2_ws/src/simulation/install/simulation/share/simulation/models/new_map/meshes/harita8temmuz.dae
[0.048s] -- Up-to-date: /home/beraa/ros2_ws/src/simulation/install/simulation/share/simulation/models/new_map/meshes/car1.png
[0.048s] -- Up-to-date: /home/beraa/ros2_ws/src/simulation/install/simulation/share/simulation/models/new_map/meshes/haritason.png
[0.048s] -- Up-to-date: /home/beraa/ros2_ws/src/simulation/install/simulation/share/simulation/models/new_map/meshes/road_texture.png
[0.048s] -- Up-to-date: /home/beraa/ros2_ws/src/simulation/install/simulation/share/simulation/models/new_map/meshes/road_texture3.png
[0.048s] -- Up-to-date: /home/beraa/ros2_ws/src/simulation/install/simulation/share/simulation/models/new_map/model.config
[0.048s] -- Up-to-date: /home/beraa/ros2_ws/src/simulation/install/simulation/share/simulation/models/sign_parkyasak
[0.048s] -- Up-to-date: /home/beraa/ros2_ws/src/simulation/install/simulation/share/simulation/models/sign_parkyasak/model.sdf
[0.048s] -- Up-to-date: /home/beraa/ros2_ws/src/simulation/install/simulation/share/simulation/models/sign_parkyasak/meshes
[0.048s] -- Up-to-date: /home/beraa/ros2_ws/src/simulation/install/simulation/share/simulation/models/sign_parkyasak/meshes/model.dae
[0.048s] -- Up-to-date: /home/beraa/ros2_ws/src/simulation/install/simulation/share/simulation/models/sign_parkyasak/meshes/parkyasak.png
[0.048s] -- Up-to-date: /home/beraa/ros2_ws/src/simulation/install/simulation/share/simulation/models/sign_parkyasak/model.config
[0.048s] -- Up-to-date: /home/beraa/ros2_ws/src/simulation/install/simulation/share/simulation/models/tunnel
[0.048s] -- Up-to-date: /home/beraa/ros2_ws/src/simulation/install/simulation/share/simulation/models/tunnel/model.sdf
[0.048s] -- Up-to-date: /home/beraa/ros2_ws/src/simulation/install/simulation/share/simulation/models/tunnel/meshes
[0.048s] -- Up-to-date: /home/beraa/ros2_ws/src/simulation/install/simulation/share/simulation/models/tunnel/meshes/model.dae
[0.048s] -- Up-to-date: /home/beraa/ros2_ws/src/simulation/install/simulation/share/simulation/models/tunnel/model.config
[0.048s] -- Up-to-date: /home/beraa/ros2_ws/src/simulation/install/simulation/share/simulation/models/dolly
[0.048s] -- Up-to-date: /home/beraa/ros2_ws/src/simulation/install/simulation/share/simulation/models/dolly/meshes
[0.048s] -- Up-to-date: /home/beraa/ros2_ws/src/simulation/install/simulation/share/simulation/models/dolly/meshes/Lowpolyhuman.dae
[0.048s] -- Up-to-date: /home/beraa/ros2_ws/src/simulation/install/simulation/share/simulation/models/sign_ikiyon
[0.048s] -- Up-to-date: /home/beraa/ros2_ws/src/simulation/install/simulation/share/simulation/models/sign_ikiyon/model.sdf
[0.048s] -- Up-to-date: /home/beraa/ros2_ws/src/simulation/install/simulation/share/simulation/models/sign_ikiyon/meshes
[0.048s] -- Up-to-date: /home/beraa/ros2_ws/src/simulation/install/simulation/share/simulation/models/sign_ikiyon/meshes/ikiyon.png
[0.048s] -- Up-to-date: /home/beraa/ros2_ws/src/simulation/install/simulation/share/simulation/models/sign_ikiyon/meshes/model.dae
[0.048s] -- Up-to-date: /home/beraa/ros2_ws/src/simulation/install/simulation/share/simulation/models/sign_ikiyon/model.config
[0.048s] -- Up-to-date: /home/beraa/ros2_ws/src/simulation/install/simulation/share/simulation/models/sign_sag
[0.048s] -- Up-to-date: /home/beraa/ros2_ws/src/simulation/install/simulation/share/simulation/models/sign_sag/model.sdf
[0.048s] -- Up-to-date: /home/beraa/ros2_ws/src/simulation/install/simulation/share/simulation/models/sign_sag/meshes
[0.048s] -- Up-to-date: /home/beraa/ros2_ws/src/simulation/install/simulation/share/simulation/models/sign_sag/meshes/sag.png
[0.048s] -- Up-to-date: /home/beraa/ros2_ws/src/simulation/install/simulation/share/simulation/models/sign_sag/meshes/model.dae
[0.048s] -- Up-to-date: /home/beraa/ros2_ws/src/simulation/install/simulation/share/simulation/models/sign_sag/model.config
[0.049s] -- Up-to-date: /home/beraa/ros2_ws/src/simulation/install/simulation/share/simulation/models/sign_yaya
[0.049s] -- Up-to-date: /home/beraa/ros2_ws/src/simulation/install/simulation/share/simulation/models/sign_yaya/model.sdf
[0.049s] -- Up-to-date: /home/beraa/ros2_ws/src/simulation/install/simulation/share/simulation/models/sign_yaya/meshes
[0.049s] -- Up-to-date: /home/beraa/ros2_ws/src/simulation/install/simulation/share/simulation/models/sign_yaya/meshes/model.dae
[0.049s] -- Up-to-date: /home/beraa/ros2_ws/src/simulation/install/simulation/share/simulation/models/sign_yaya/meshes/yaya.png
[0.049s] -- Up-to-date: /home/beraa/ros2_ws/src/simulation/install/simulation/share/simulation/models/sign_yaya/model.config
[0.049s] -- Up-to-date: /home/beraa/ros2_ws/src/simulation/install/simulation/share/simulation/models/kazi_calismasi
[0.049s] -- Up-to-date: /home/beraa/ros2_ws/src/simulation/install/simulation/share/simulation/models/kazi_calismasi/model.sdf
[0.049s] -- Up-to-date: /home/beraa/ros2_ws/src/simulation/install/simulation/share/simulation/models/kazi_calismasi/meshes
[0.049s] -- Up-to-date: /home/beraa/ros2_ws/src/simulation/install/simulation/share/simulation/models/kazi_calismasi/meshes/kazi_calismasi.dae
[0.049s] -- Up-to-date: /home/beraa/ros2_ws/src/simulation/install/simulation/share/simulation/models/kazi_calismasi/meshes/kazicalismasi.jpeg
[0.049s] -- Up-to-date: /home/beraa/ros2_ws/src/simulation/install/simulation/share/simulation/models/kazi_calismasi/model.config
[0.049s] -- Up-to-date: /home/beraa/ros2_ws/src/simulation/install/simulation/share/simulation/models/sign_donel
[0.049s] -- Up-to-date: /home/beraa/ros2_ws/src/simulation/install/simulation/share/simulation/models/sign_donel/model.sdf
[0.049s] -- Up-to-date: /home/beraa/ros2_ws/src/simulation/install/simulation/share/simulation/models/sign_donel/meshes
[0.049s] -- Up-to-date: /home/beraa/ros2_ws/src/simulation/install/simulation/share/simulation/models/sign_donel/meshes/model.dae
[0.049s] -- Up-to-date: /home/beraa/ros2_ws/src/simulation/install/simulation/share/simulation/models/sign_donel/meshes/donel.png
[0.049s] -- Up-to-date: /home/beraa/ros2_ws/src/simulation/install/simulation/share/simulation/models/sign_donel/model.config
[0.049s] -- Up-to-date: /home/beraa/ros2_ws/src/simulation/install/simulation/share/simulation/models/road
[0.049s] -- Up-to-date: /home/beraa/ros2_ws/src/simulation/install/simulation/share/simulation/models/road/model.sdf
[0.049s] -- Up-to-date: /home/beraa/ros2_ws/src/simulation/install/simulation/share/simulation/models/road/meshes
[0.049s] -- Up-to-date: /home/beraa/ros2_ws/src/simulation/install/simulation/share/simulation/models/road/meshes/road_full0.dae
[0.049s] -- Up-to-date: /home/beraa/ros2_ws/src/simulation/install/simulation/share/simulation/models/road/model.config
[0.049s] -- Up-to-date: /home/beraa/ros2_ws/src/simulation/install/simulation/share/simulation/models/sign_parkyapilmaz
[0.049s] -- Up-to-date: /home/beraa/ros2_ws/src/simulation/install/simulation/share/simulation/models/sign_parkyapilmaz/model.sdf
[0.049s] -- Up-to-date: /home/beraa/ros2_ws/src/simulation/install/simulation/share/simulation/models/sign_parkyapilmaz/meshes
[0.049s] -- Up-to-date: /home/beraa/ros2_ws/src/simulation/install/simulation/share/simulation/models/sign_parkyapilmaz/meshes/parkyapilmaz.png
[0.049s] -- Up-to-date: /home/beraa/ros2_ws/src/simulation/install/simulation/share/simulation/models/sign_parkyapilmaz/meshes/model.dae
[0.049s] -- Up-to-date: /home/beraa/ros2_ws/src/simulation/install/simulation/share/simulation/models/sign_parkyapilmaz/model.config
[0.049s] -- Up-to-date: /home/beraa/ros2_ws/src/simulation/install/simulation/share/simulation/models/obstacle_red
[0.049s] -- Up-to-date: /home/beraa/ros2_ws/src/simulation/install/simulation/share/simulation/models/obstacle_red/model.sdf
[0.049s] -- Up-to-date: /home/beraa/ros2_ws/src/simulation/install/simulation/share/simulation/models/obstacle_red/meshes
[0.049s] -- Up-to-date: /home/beraa/ros2_ws/src/simulation/install/simulation/share/simulation/models/obstacle_red/meshes/model.dae
[0.049s] -- Up-to-date: /home/beraa/ros2_ws/src/simulation/install/simulation/share/simulation/models/obstacle_red/model.config
[0.049s] -- Up-to-date: /home/beraa/ros2_ws/src/simulation/install/simulation/share/simulation/models/sign_sol
[0.049s] -- Up-to-date: /home/beraa/ros2_ws/src/simulation/install/simulation/share/simulation/models/sign_sol/model.sdf
[0.049s] -- Up-to-date: /home/beraa/ros2_ws/src/simulation/install/simulation/share/simulation/models/sign_sol/meshes
[0.049s] -- Up-to-date: /home/beraa/ros2_ws/src/simulation/install/simulation/share/simulation/models/sign_sol/meshes/sol.png
[0.049s] -- Up-to-date: /home/beraa/ros2_ws/src/simulation/install/simulation/share/simulation/models/sign_sol/meshes/model.dae
[0.049s] -- Up-to-date: /home/beraa/ros2_ws/src/simulation/install/simulation/share/simulation/models/sign_sol/model.config
[0.050s] -- Up-to-date: /home/beraa/ros2_ws/src/simulation/install/simulation/share/simulation/models/traffic_light_green
[0.050s] -- Up-to-date: /home/beraa/ros2_ws/src/simulation/install/simulation/share/simulation/models/traffic_light_green/model.sdf
[0.050s] -- Up-to-date: /home/beraa/ros2_ws/src/simulation/install/simulation/share/simulation/models/traffic_light_green/meshes
[0.050s] -- Up-to-date: /home/beraa/ros2_ws/src/simulation/install/simulation/share/simulation/models/traffic_light_green/meshes/model.dae
[0.050s] -- Up-to-date: /home/beraa/ros2_ws/src/simulation/install/simulation/share/simulation/models/traffic_light_green/model.config
[0.050s] -- Up-to-date: /home/beraa/ros2_ws/src/simulation/install/simulation/share/simulation/models/sign_sagamecburi
[0.050s] -- Up-to-date: /home/beraa/ros2_ws/src/simulation/install/simulation/share/simulation/models/sign_sagamecburi/model.sdf
[0.050s] -- Up-to-date: /home/beraa/ros2_ws/src/simulation/install/simulation/share/simulation/models/sign_sagamecburi/meshes
[0.050s] -- Up-to-date: /home/beraa/ros2_ws/src/simulation/install/simulation/share/simulation/models/sign_sagamecburi/meshes/model.dae
[0.050s] -- Up-to-date: /home/beraa/ros2_ws/src/simulation/install/simulation/share/simulation/models/sign_sagamecburi/meshes/sagamecburi.png
[0.050s] -- Up-to-date: /home/beraa/ros2_ws/src/simulation/install/simulation/share/simulation/models/sign_sagamecburi/model.config
[0.050s] -- Up-to-date: /home/beraa/ros2_ws/src/simulation/install/simulation/share/simulation/models/sign_soladonulmez
[0.050s] -- Up-to-date: /home/beraa/ros2_ws/src/simulation/install/simulation/share/simulation/models/sign_soladonulmez/model.sdf
[0.050s] -- Up-to-date: /home/beraa/ros2_ws/src/simulation/install/simulation/share/simulation/models/sign_soladonulmez/meshes
[0.050s] -- Up-to-date: /home/beraa/ros2_ws/src/simulation/install/simulation/share/simulation/models/sign_soladonulmez/meshes/soladonulmez.png
[0.050s] -- Up-to-date: /home/beraa/ros2_ws/src/simulation/install/simulation/share/simulation/models/sign_soladonulmez/meshes/model.dae
[0.050s] -- Up-to-date: /home/beraa/ros2_ws/src/simulation/install/simulation/share/simulation/models/sign_soladonulmez/model.config
[0.050s] -- Up-to-date: /home/beraa/ros2_ws/src/simulation/install/simulation/share/simulation/models/sign_engelli
[0.050s] -- Up-to-date: /home/beraa/ros2_ws/src/simulation/install/simulation/share/simulation/models/sign_engelli/model.sdf
[0.050s] -- Up-to-date: /home/beraa/ros2_ws/src/simulation/install/simulation/share/simulation/models/sign_engelli/meshes
[0.050s] -- Up-to-date: /home/beraa/ros2_ws/src/simulation/install/simulation/share/simulation/models/sign_engelli/meshes/engelli.png
[0.050s] -- Up-to-date: /home/beraa/ros2_ws/src/simulation/install/simulation/share/simulation/models/sign_engelli/meshes/model.dae
[0.050s] -- Up-to-date: /home/beraa/ros2_ws/src/simulation/install/simulation/share/simulation/models/sign_engelli/model.config
[0.050s] -- Up-to-date: /home/beraa/ros2_ws/src/simulation/install/simulation/share/simulation/models/sign_solamecburi
[0.050s] -- Up-to-date: /home/beraa/ros2_ws/src/simulation/install/simulation/share/simulation/models/sign_solamecburi/model.sdf
[0.050s] -- Up-to-date: /home/beraa/ros2_ws/src/simulation/install/simulation/share/simulation/models/sign_solamecburi/meshes
[0.050s] -- Up-to-date: /home/beraa/ros2_ws/src/simulation/install/simulation/share/simulation/models/sign_solamecburi/meshes/model.dae
[0.050s] -- Up-to-date: /home/beraa/ros2_ws/src/simulation/install/simulation/share/simulation/models/sign_solamecburi/meshes/solamecburi.png
[0.050s] -- Up-to-date: /home/beraa/ros2_ws/src/simulation/install/simulation/share/simulation/models/sign_solamecburi/model.config
[0.050s] -- Up-to-date: /home/beraa/ros2_ws/src/simulation/install/simulation/share/simulation/models/sign_girisyok
[0.050s] -- Up-to-date: /home/beraa/ros2_ws/src/simulation/install/simulation/share/simulation/models/sign_girisyok/model.sdf
[0.050s] -- Up-to-date: /home/beraa/ros2_ws/src/simulation/install/simulation/share/simulation/models/sign_girisyok/meshes
[0.050s] -- Up-to-date: /home/beraa/ros2_ws/src/simulation/install/simulation/share/simulation/models/sign_girisyok/meshes/girisyok.png
[0.050s] -- Up-to-date: /home/beraa/ros2_ws/src/simulation/install/simulation/share/simulation/models/sign_girisyok/meshes/model.dae
[0.050s] -- Up-to-date: /home/beraa/ros2_ws/src/simulation/install/simulation/share/simulation/models/sign_girisyok/model.config
[0.050s] -- Up-to-date: /home/beraa/ros2_ws/src/simulation/install/simulation/share/simulation/models/obstacle_white
[0.050s] -- Up-to-date: /home/beraa/ros2_ws/src/simulation/install/simulation/share/simulation/models/obstacle_white/model.sdf
[0.050s] -- Up-to-date: /home/beraa/ros2_ws/src/simulation/install/simulation/share/simulation/models/obstacle_white/meshes
[0.050s] -- Up-to-date: /home/beraa/ros2_ws/src/simulation/install/simulation/share/simulation/models/obstacle_white/meshes/model.dae
[0.050s] -- Up-to-date: /home/beraa/ros2_ws/src/simulation/install/simulation/share/simulation/models/obstacle_white/model.config
[0.050s] -- Up-to-date: /home/beraa/ros2_ws/src/simulation/install/simulation/share/ament_index/resource_index/package_run_dependencies/simulation
[0.050s] -- Up-to-date: /home/beraa/ros2_ws/src/simulation/install/simulation/share/ament_index/resource_index/parent_prefix_path/simulation
[0.050s] -- Up-to-date: /home/beraa/ros2_ws/src/simulation/install/simulation/share/simulation/environment/ament_prefix_path.sh
[0.051s] -- Up-to-date: /home/beraa/ros2_ws/src/simulation/install/simulation/share/simulation/environment/ament_prefix_path.dsv
[0.051s] -- Up-to-date: /home/beraa/ros2_ws/src/simulation/install/simulation/share/simulation/environment/path.sh
[0.051s] -- Up-to-date: /home/beraa/ros2_ws/src/simulation/install/simulation/share/simulation/environment/path.dsv
[0.051s] -- Up-to-date: /home/beraa/ros2_ws/src/simulation/install/simulation/share/simulation/local_setup.bash
[0.051s] -- Up-to-date: /home/beraa/ros2_ws/src/simulation/install/simulation/share/simulation/local_setup.sh
[0.051s] -- Up-to-date: /home/beraa/ros2_ws/src/simulation/install/simulation/share/simulation/local_setup.zsh
[0.051s] -- Up-to-date: /home/beraa/ros2_ws/src/simulation/install/simulation/share/simulation/local_setup.dsv
[0.051s] -- Up-to-date: /home/beraa/ros2_ws/src/simulation/install/simulation/share/simulation/package.dsv
[0.051s] -- Up-to-date: /home/beraa/ros2_ws/src/simulation/install/simulation/share/ament_index/resource_index/packages/simulation
[0.051s] -- Up-to-date: /home/beraa/ros2_ws/src/simulation/install/simulation/share/simulation/cmake/simulationConfig.cmake
[0.051s] -- Up-to-date: /home/beraa/ros2_ws/src/simulation/install/simulation/share/simulation/cmake/simulationConfig-version.cmake
[0.051s] -- Up-to-date: /home/beraa/ros2_ws/src/simulation/install/simulation/share/simulation/package.xml
[0.051s] Invoked command in '/home/beraa/ros2_ws/src/simulation/build/simulation' returned '0': CMAKE_PREFIX_PATH=${CMAKE_PREFIX_PATH}:/opt/ros/humble /usr/bin/cmake --install /home/beraa/ros2_ws/src/simulation/build/simulation
