[0.050s] DEBUG:colcon:Command line arguments: ['/usr/bin/colcon', 'build']
[0.050s] DEBUG:colcon:Parsed command line arguments: Namespace(log_base=None, log_level=None, verb_name='build', build_base='build', install_base='install', merge_install=False, symlink_install=False, test_result_base=None, continue_on_error=False, executor='parallel', parallel_workers=20, event_handlers=None, ignore_user_meta=False, metas=['./colcon.meta'], base_paths=['.'], packages_ignore=None, packages_ignore_regex=None, paths=None, packages_up_to=None, packages_up_to_regex=None, packages_above=None, packages_above_and_dependencies=None, packages_above_depth=None, packages_select_by_dep=None, packages_skip_by_dep=None, packages_skip_up_to=None, packages_select_build_failed=False, packages_skip_build_finished=False, packages_select_test_failures=False, packages_skip_test_passed=False, packages_select=None, packages_skip=None, packages_select_regex=None, packages_skip_regex=None, packages_start=None, packages_end=None, allow_overriding=[], cmake_args=None, cmake_target=None, cmake_target_skip_unavailable=False, cmake_clean_cache=False, cmake_clean_first=False, cmake_force_configure=False, ament_cmake_args=None, catkin_cmake_args=None, catkin_skip_building_tests=False, verb_parser=<colcon_defaults.argument_parser.defaults.DefaultArgumentsDecorator object at 0x70c1b75232b0>, verb_extension=<colcon_core.verb.build.BuildVerb object at 0x70c1b7670700>, main=<bound method BuildVerb.main of <colcon_core.verb.build.BuildVerb object at 0x70c1b7670700>>)
[0.164s] Level 1:colcon.colcon_core.package_discovery:discover_packages(colcon_meta) check parameters
[0.164s] Level 1:colcon.colcon_core.package_discovery:discover_packages(recursive) check parameters
[0.164s] Level 1:colcon.colcon_core.package_discovery:discover_packages(ignore) check parameters
[0.164s] Level 1:colcon.colcon_core.package_discovery:discover_packages(path) check parameters
[0.164s] Level 1:colcon.colcon_core.package_discovery:discover_packages(colcon_meta) discover
[0.164s] Level 1:colcon.colcon_core.package_discovery:discover_packages(recursive) discover
[0.164s] INFO:colcon.colcon_core.package_discovery:Crawling recursively for packages in '/home/beraa/ros2_ws'
[0.164s] Level 1:colcon.colcon_core.package_identification:_identify(.) by extensions ['ignore', 'ignore_ament_install']
[0.164s] Level 1:colcon.colcon_core.package_identification:_identify(.) by extension 'ignore'
[0.164s] Level 1:colcon.colcon_core.package_identification:_identify(.) by extension 'ignore_ament_install'
[0.164s] Level 1:colcon.colcon_core.package_identification:_identify(.) by extensions ['colcon_pkg']
[0.164s] Level 1:colcon.colcon_core.package_identification:_identify(.) by extension 'colcon_pkg'
[0.164s] Level 1:colcon.colcon_core.package_identification:_identify(.) by extensions ['colcon_meta']
[0.164s] Level 1:colcon.colcon_core.package_identification:_identify(.) by extension 'colcon_meta'
[0.164s] Level 1:colcon.colcon_core.package_identification:_identify(.) by extensions ['ros']
[0.164s] Level 1:colcon.colcon_core.package_identification:_identify(.) by extension 'ros'
[0.170s] Level 1:colcon.colcon_core.package_identification:_identify(.) by extensions ['cmake', 'python']
[0.170s] Level 1:colcon.colcon_core.package_identification:_identify(.) by extension 'cmake'
[0.170s] Level 1:colcon.colcon_core.package_identification:_identify(.) by extension 'python'
[0.170s] Level 1:colcon.colcon_core.package_identification:_identify(.) by extensions ['python_setup_py']
[0.170s] Level 1:colcon.colcon_core.package_identification:_identify(.) by extension 'python_setup_py'
[0.170s] Level 1:colcon.colcon_core.package_identification:_identify(build) by extensions ['ignore', 'ignore_ament_install']
[0.170s] Level 1:colcon.colcon_core.package_identification:_identify(build) by extension 'ignore'
[0.170s] Level 1:colcon.colcon_core.package_identification:_identify(build) ignored
[0.170s] Level 1:colcon.colcon_core.package_identification:_identify(install) by extensions ['ignore', 'ignore_ament_install']
[0.170s] Level 1:colcon.colcon_core.package_identification:_identify(install) by extension 'ignore'
[0.170s] Level 1:colcon.colcon_core.package_identification:_identify(install) ignored
[0.170s] Level 1:colcon.colcon_core.package_identification:_identify(log) by extensions ['ignore', 'ignore_ament_install']
[0.170s] Level 1:colcon.colcon_core.package_identification:_identify(log) by extension 'ignore'
[0.170s] Level 1:colcon.colcon_core.package_identification:_identify(log) ignored
[0.171s] Level 1:colcon.colcon_core.package_identification:_identify(src) by extensions ['ignore', 'ignore_ament_install']
[0.171s] Level 1:colcon.colcon_core.package_identification:_identify(src) by extension 'ignore'
[0.171s] Level 1:colcon.colcon_core.package_identification:_identify(src) by extension 'ignore_ament_install'
[0.171s] Level 1:colcon.colcon_core.package_identification:_identify(src) by extensions ['colcon_pkg']
[0.171s] Level 1:colcon.colcon_core.package_identification:_identify(src) by extension 'colcon_pkg'
[0.171s] Level 1:colcon.colcon_core.package_identification:_identify(src) by extensions ['colcon_meta']
[0.171s] Level 1:colcon.colcon_core.package_identification:_identify(src) by extension 'colcon_meta'
[0.171s] Level 1:colcon.colcon_core.package_identification:_identify(src) by extensions ['ros']
[0.171s] Level 1:colcon.colcon_core.package_identification:_identify(src) by extension 'ros'
[0.171s] Level 1:colcon.colcon_core.package_identification:_identify(src) by extensions ['cmake', 'python']
[0.171s] Level 1:colcon.colcon_core.package_identification:_identify(src) by extension 'cmake'
[0.171s] Level 1:colcon.colcon_core.package_identification:_identify(src) by extension 'python'
[0.171s] Level 1:colcon.colcon_core.package_identification:_identify(src) by extensions ['python_setup_py']
[0.171s] Level 1:colcon.colcon_core.package_identification:_identify(src) by extension 'python_setup_py'
[0.171s] Level 1:colcon.colcon_core.package_identification:_identify(src/dolly) by extensions ['ignore', 'ignore_ament_install']
[0.171s] Level 1:colcon.colcon_core.package_identification:_identify(src/dolly) by extension 'ignore'
[0.171s] Level 1:colcon.colcon_core.package_identification:_identify(src/dolly) by extension 'ignore_ament_install'
[0.171s] Level 1:colcon.colcon_core.package_identification:_identify(src/dolly) by extensions ['colcon_pkg']
[0.171s] Level 1:colcon.colcon_core.package_identification:_identify(src/dolly) by extension 'colcon_pkg'
[0.171s] Level 1:colcon.colcon_core.package_identification:_identify(src/dolly) by extensions ['colcon_meta']
[0.171s] Level 1:colcon.colcon_core.package_identification:_identify(src/dolly) by extension 'colcon_meta'
[0.171s] Level 1:colcon.colcon_core.package_identification:_identify(src/dolly) by extensions ['ros']
[0.171s] Level 1:colcon.colcon_core.package_identification:_identify(src/dolly) by extension 'ros'
[0.172s] DEBUG:colcon.colcon_core.package_identification:Package 'src/dolly' with type 'ros.catkin' and name 'dolly'
[0.172s] Level 1:colcon.colcon_core.package_identification:_identify(src/my_robot_description) by extensions ['ignore', 'ignore_ament_install']
[0.172s] Level 1:colcon.colcon_core.package_identification:_identify(src/my_robot_description) by extension 'ignore'
[0.172s] Level 1:colcon.colcon_core.package_identification:_identify(src/my_robot_description) by extension 'ignore_ament_install'
[0.172s] Level 1:colcon.colcon_core.package_identification:_identify(src/my_robot_description) by extensions ['colcon_pkg']
[0.172s] Level 1:colcon.colcon_core.package_identification:_identify(src/my_robot_description) by extension 'colcon_pkg'
[0.172s] Level 1:colcon.colcon_core.package_identification:_identify(src/my_robot_description) by extensions ['colcon_meta']
[0.172s] Level 1:colcon.colcon_core.package_identification:_identify(src/my_robot_description) by extension 'colcon_meta'
[0.172s] Level 1:colcon.colcon_core.package_identification:_identify(src/my_robot_description) by extensions ['ros']
[0.172s] Level 1:colcon.colcon_core.package_identification:_identify(src/my_robot_description) by extension 'ros'
[0.172s] Level 1:colcon.colcon_core.package_identification:_identify(src/my_robot_description) by extensions ['cmake', 'python']
[0.172s] Level 1:colcon.colcon_core.package_identification:_identify(src/my_robot_description) by extension 'cmake'
[0.172s] Level 1:colcon.colcon_core.package_identification:_identify(src/my_robot_description) by extension 'python'
[0.172s] Level 1:colcon.colcon_core.package_identification:_identify(src/my_robot_description) by extensions ['python_setup_py']
[0.172s] Level 1:colcon.colcon_core.package_identification:_identify(src/my_robot_description) by extension 'python_setup_py'
[0.174s] Level 1:colcon.colcon_core.package_identification:_identify(src/my_robot_description/meshes) by extensions ['ignore', 'ignore_ament_install']
[0.174s] Level 1:colcon.colcon_core.package_identification:_identify(src/my_robot_description/meshes) by extension 'ignore'
[0.174s] Level 1:colcon.colcon_core.package_identification:_identify(src/my_robot_description/meshes) by extension 'ignore_ament_install'
[0.174s] Level 1:colcon.colcon_core.package_identification:_identify(src/my_robot_description/meshes) by extensions ['colcon_pkg']
[0.174s] Level 1:colcon.colcon_core.package_identification:_identify(src/my_robot_description/meshes) by extension 'colcon_pkg'
[0.174s] Level 1:colcon.colcon_core.package_identification:_identify(src/my_robot_description/meshes) by extensions ['colcon_meta']
[0.174s] Level 1:colcon.colcon_core.package_identification:_identify(src/my_robot_description/meshes) by extension 'colcon_meta'
[0.174s] Level 1:colcon.colcon_core.package_identification:_identify(src/my_robot_description/meshes) by extensions ['ros']
[0.174s] Level 1:colcon.colcon_core.package_identification:_identify(src/my_robot_description/meshes) by extension 'ros'
[0.174s] Level 1:colcon.colcon_core.package_identification:_identify(src/my_robot_description/meshes) by extensions ['cmake', 'python']
[0.174s] Level 1:colcon.colcon_core.package_identification:_identify(src/my_robot_description/meshes) by extension 'cmake'
[0.174s] Level 1:colcon.colcon_core.package_identification:_identify(src/my_robot_description/meshes) by extension 'python'
[0.174s] Level 1:colcon.colcon_core.package_identification:_identify(src/my_robot_description/meshes) by extensions ['python_setup_py']
[0.174s] Level 1:colcon.colcon_core.package_identification:_identify(src/my_robot_description/meshes) by extension 'python_setup_py'
[0.174s] Level 1:colcon.colcon_core.package_identification:_identify(src/my_robot_description/urdf) by extensions ['ignore', 'ignore_ament_install']
[0.174s] Level 1:colcon.colcon_core.package_identification:_identify(src/my_robot_description/urdf) by extension 'ignore'
[0.174s] Level 1:colcon.colcon_core.package_identification:_identify(src/my_robot_description/urdf) by extension 'ignore_ament_install'
[0.175s] Level 1:colcon.colcon_core.package_identification:_identify(src/my_robot_description/urdf) by extensions ['colcon_pkg']
[0.175s] Level 1:colcon.colcon_core.package_identification:_identify(src/my_robot_description/urdf) by extension 'colcon_pkg'
[0.175s] Level 1:colcon.colcon_core.package_identification:_identify(src/my_robot_description/urdf) by extensions ['colcon_meta']
[0.175s] Level 1:colcon.colcon_core.package_identification:_identify(src/my_robot_description/urdf) by extension 'colcon_meta'
[0.175s] Level 1:colcon.colcon_core.package_identification:_identify(src/my_robot_description/urdf) by extensions ['ros']
[0.175s] Level 1:colcon.colcon_core.package_identification:_identify(src/my_robot_description/urdf) by extension 'ros'
[0.175s] Level 1:colcon.colcon_core.package_identification:_identify(src/my_robot_description/urdf) by extensions ['cmake', 'python']
[0.175s] Level 1:colcon.colcon_core.package_identification:_identify(src/my_robot_description/urdf) by extension 'cmake'
[0.175s] Level 1:colcon.colcon_core.package_identification:_identify(src/my_robot_description/urdf) by extension 'python'
[0.175s] Level 1:colcon.colcon_core.package_identification:_identify(src/my_robot_description/urdf) by extensions ['python_setup_py']
[0.175s] Level 1:colcon.colcon_core.package_identification:_identify(src/my_robot_description/urdf) by extension 'python_setup_py'
[0.175s] Level 1:colcon.colcon_core.package_identification:_identify(src/simulation) by extensions ['ignore', 'ignore_ament_install']
[0.175s] Level 1:colcon.colcon_core.package_identification:_identify(src/simulation) by extension 'ignore'
[0.175s] Level 1:colcon.colcon_core.package_identification:_identify(src/simulation) by extension 'ignore_ament_install'
[0.175s] Level 1:colcon.colcon_core.package_identification:_identify(src/simulation) by extensions ['colcon_pkg']
[0.175s] Level 1:colcon.colcon_core.package_identification:_identify(src/simulation) by extension 'colcon_pkg'
[0.175s] Level 1:colcon.colcon_core.package_identification:_identify(src/simulation) by extensions ['colcon_meta']
[0.175s] Level 1:colcon.colcon_core.package_identification:_identify(src/simulation) by extension 'colcon_meta'
[0.175s] Level 1:colcon.colcon_core.package_identification:_identify(src/simulation) by extensions ['ros']
[0.175s] Level 1:colcon.colcon_core.package_identification:_identify(src/simulation) by extension 'ros'
[0.175s] DEBUG:colcon.colcon_core.package_identification:Package 'src/simulation' with type 'ros.ament_cmake' and name 'simulation'
[0.175s] Level 1:colcon.colcon_core.package_discovery:discover_packages(recursive) using defaults
[0.175s] Level 1:colcon.colcon_core.package_discovery:discover_packages(ignore) discover
[0.175s] Level 1:colcon.colcon_core.package_discovery:discover_packages(ignore) using defaults
[0.176s] Level 1:colcon.colcon_core.package_discovery:discover_packages(path) discover
[0.176s] Level 1:colcon.colcon_core.package_discovery:discover_packages(path) using defaults
[0.191s] Level 1:colcon.colcon_core.package_discovery:discover_packages(prefix_path) check parameters
[0.191s] Level 1:colcon.colcon_core.package_discovery:discover_packages(prefix_path) discover
[0.191s] DEBUG:colcon.colcon_installed_package_information.package_discovery:Found 1 installed packages in /home/beraa/ros2_ws/install
[0.192s] DEBUG:colcon.colcon_installed_package_information.package_discovery:Found 276 installed packages in /opt/ros/humble
[0.193s] Level 1:colcon.colcon_core.package_discovery:discover_packages(prefix_path) using defaults
[0.210s] Level 5:colcon.colcon_core.verb:set package 'dolly' build argument 'cmake_args' from command line to 'None'
[0.210s] Level 5:colcon.colcon_core.verb:set package 'dolly' build argument 'cmake_target' from command line to 'None'
[0.210s] Level 5:colcon.colcon_core.verb:set package 'dolly' build argument 'cmake_target_skip_unavailable' from command line to 'False'
[0.210s] Level 5:colcon.colcon_core.verb:set package 'dolly' build argument 'cmake_clean_cache' from command line to 'False'
[0.210s] Level 5:colcon.colcon_core.verb:set package 'dolly' build argument 'cmake_clean_first' from command line to 'False'
[0.210s] Level 5:colcon.colcon_core.verb:set package 'dolly' build argument 'cmake_force_configure' from command line to 'False'
[0.210s] Level 5:colcon.colcon_core.verb:set package 'dolly' build argument 'ament_cmake_args' from command line to 'None'
[0.210s] Level 5:colcon.colcon_core.verb:set package 'dolly' build argument 'catkin_cmake_args' from command line to 'None'
[0.210s] Level 5:colcon.colcon_core.verb:set package 'dolly' build argument 'catkin_skip_building_tests' from command line to 'False'
[0.210s] DEBUG:colcon.colcon_core.verb:Building package 'dolly' with the following arguments: {'ament_cmake_args': None, 'build_base': '/home/beraa/ros2_ws/build/dolly', 'catkin_cmake_args': None, 'catkin_skip_building_tests': False, 'cmake_args': None, 'cmake_clean_cache': False, 'cmake_clean_first': False, 'cmake_force_configure': False, 'cmake_target': None, 'cmake_target_skip_unavailable': False, 'install_base': '/home/beraa/ros2_ws/install/dolly', 'merge_install': False, 'path': '/home/beraa/ros2_ws/src/dolly', 'symlink_install': False, 'test_result_base': None}
[0.210s] Level 5:colcon.colcon_core.verb:set package 'simulation' build argument 'cmake_args' from command line to 'None'
[0.210s] Level 5:colcon.colcon_core.verb:set package 'simulation' build argument 'cmake_target' from command line to 'None'
[0.210s] Level 5:colcon.colcon_core.verb:set package 'simulation' build argument 'cmake_target_skip_unavailable' from command line to 'False'
[0.210s] Level 5:colcon.colcon_core.verb:set package 'simulation' build argument 'cmake_clean_cache' from command line to 'False'
[0.210s] Level 5:colcon.colcon_core.verb:set package 'simulation' build argument 'cmake_clean_first' from command line to 'False'
[0.210s] Level 5:colcon.colcon_core.verb:set package 'simulation' build argument 'cmake_force_configure' from command line to 'False'
[0.210s] Level 5:colcon.colcon_core.verb:set package 'simulation' build argument 'ament_cmake_args' from command line to 'None'
[0.210s] Level 5:colcon.colcon_core.verb:set package 'simulation' build argument 'catkin_cmake_args' from command line to 'None'
[0.210s] Level 5:colcon.colcon_core.verb:set package 'simulation' build argument 'catkin_skip_building_tests' from command line to 'False'
[0.210s] DEBUG:colcon.colcon_core.verb:Building package 'simulation' with the following arguments: {'ament_cmake_args': None, 'build_base': '/home/beraa/ros2_ws/build/simulation', 'catkin_cmake_args': None, 'catkin_skip_building_tests': False, 'cmake_args': None, 'cmake_clean_cache': False, 'cmake_clean_first': False, 'cmake_force_configure': False, 'cmake_target': None, 'cmake_target_skip_unavailable': False, 'install_base': '/home/beraa/ros2_ws/install/simulation', 'merge_install': False, 'path': '/home/beraa/ros2_ws/src/simulation', 'symlink_install': False, 'test_result_base': None}
[0.210s] INFO:colcon.colcon_core.executor:Executing jobs using 'parallel' executor
[0.211s] DEBUG:colcon.colcon_parallel_executor.executor.parallel:run_until_complete
[0.211s] INFO:colcon.colcon_ros.task.catkin.build:Building ROS package in '/home/beraa/ros2_ws/src/dolly' with build type 'catkin'
[0.211s] INFO:colcon.colcon_cmake.task.cmake.build:Building CMake package in '/home/beraa/ros2_ws/src/dolly'
[0.212s] INFO:colcon.colcon_core.plugin_system:Skipping extension 'colcon_core.shell.bat': Not used on non-Windows systems
[0.212s] INFO:colcon.colcon_core.shell:Skip shell extension 'powershell' for command environment: Not usable outside of PowerShell
[0.212s] DEBUG:colcon.colcon_core.shell:Skip shell extension 'dsv' for command environment
[0.214s] INFO:colcon.colcon_ros.task.ament_cmake.build:Building ROS package in '/home/beraa/ros2_ws/src/simulation' with build type 'ament_cmake'
[0.214s] INFO:colcon.colcon_cmake.task.cmake.build:Building CMake package in '/home/beraa/ros2_ws/src/simulation'
[0.214s] INFO:colcon.colcon_core.shell:Skip shell extension 'powershell' for command environment: Not usable outside of PowerShell
[0.214s] DEBUG:colcon.colcon_core.shell:Skip shell extension 'dsv' for command environment
[0.219s] DEBUG:colcon.colcon_core.event_handler.log_command:Invoking command in '/home/beraa/ros2_ws/build/dolly': /usr/bin/cmake --build /home/beraa/ros2_ws/build/dolly -- -j20 -l20
[0.220s] DEBUG:colcon.colcon_core.event_handler.log_command:Invoking command in '/home/beraa/ros2_ws/build/simulation': CMAKE_PREFIX_PATH=/opt/ros/humble:${CMAKE_PREFIX_PATH} /usr/bin/cmake /home/beraa/ros2_ws/src/simulation -DCMAKE_INSTALL_PREFIX=/home/beraa/ros2_ws/install/simulation
[0.248s] DEBUG:colcon.colcon_core.event_handler.log_command:Invoked command in '/home/beraa/ros2_ws/build/dolly' returned '0': /usr/bin/cmake --build /home/beraa/ros2_ws/build/dolly -- -j20 -l20
[0.256s] DEBUG:colcon.colcon_core.event_handler.log_command:Invoking command in '/home/beraa/ros2_ws/build/dolly': /usr/bin/cmake --install /home/beraa/ros2_ws/build/dolly
[0.263s] DEBUG:colcon.colcon_core.event_handler.log_command:Invoked command in '/home/beraa/ros2_ws/build/dolly' returned '0': /usr/bin/cmake --install /home/beraa/ros2_ws/build/dolly
[0.263s] Level 1:colcon.colcon_core.shell:create_environment_hook('dolly', 'ros_package_path')
[0.263s] INFO:colcon.colcon_core.shell:Creating environment hook '/home/beraa/ros2_ws/install/dolly/share/dolly/hook/ros_package_path.ps1'
[0.264s] INFO:colcon.colcon_core.shell:Creating environment descriptor '/home/beraa/ros2_ws/install/dolly/share/dolly/hook/ros_package_path.dsv'
[0.264s] INFO:colcon.colcon_core.shell:Creating environment hook '/home/beraa/ros2_ws/install/dolly/share/dolly/hook/ros_package_path.sh'
[0.265s] Level 1:colcon.colcon_core.shell:create_environment_hook('dolly', 'pkg_config_path')
[0.265s] INFO:colcon.colcon_core.shell:Creating environment hook '/home/beraa/ros2_ws/install/dolly/share/dolly/hook/pkg_config_path.ps1'
[0.266s] INFO:colcon.colcon_core.shell:Creating environment descriptor '/home/beraa/ros2_ws/install/dolly/share/dolly/hook/pkg_config_path.dsv'
[0.266s] INFO:colcon.colcon_core.shell:Creating environment hook '/home/beraa/ros2_ws/install/dolly/share/dolly/hook/pkg_config_path.sh'
[0.267s] Level 1:colcon.colcon_core.shell:create_environment_hook('dolly', 'pkg_config_path_multiarch')
[0.267s] INFO:colcon.colcon_core.shell:Creating environment hook '/home/beraa/ros2_ws/install/dolly/share/dolly/hook/pkg_config_path_multiarch.ps1'
[0.268s] INFO:colcon.colcon_core.shell:Creating environment descriptor '/home/beraa/ros2_ws/install/dolly/share/dolly/hook/pkg_config_path_multiarch.dsv'
[0.268s] INFO:colcon.colcon_core.shell:Creating environment hook '/home/beraa/ros2_ws/install/dolly/share/dolly/hook/pkg_config_path_multiarch.sh'
[0.270s] Level 1:colcon.colcon_core.environment:create_environment_scripts_only(dolly)
[0.272s] Level 1:colcon.colcon_core.environment:checking '/home/beraa/ros2_ws/install/dolly' for CMake module files
[0.272s] Level 1:colcon.colcon_core.environment:checking '/home/beraa/ros2_ws/install/dolly' for CMake config files
[0.272s] Level 1:colcon.colcon_core.shell:create_environment_hook('dolly', 'cmake_prefix_path')
[0.273s] INFO:colcon.colcon_core.shell:Creating environment hook '/home/beraa/ros2_ws/install/dolly/share/dolly/hook/cmake_prefix_path.ps1'
[0.273s] INFO:colcon.colcon_core.shell:Creating environment descriptor '/home/beraa/ros2_ws/install/dolly/share/dolly/hook/cmake_prefix_path.dsv'
[0.273s] INFO:colcon.colcon_core.shell:Creating environment hook '/home/beraa/ros2_ws/install/dolly/share/dolly/hook/cmake_prefix_path.sh'
[0.274s] Level 1:colcon.colcon_core.environment:checking '/home/beraa/ros2_ws/install/dolly/bin'
[0.274s] Level 1:colcon.colcon_core.environment:checking '/home/beraa/ros2_ws/install/dolly/lib/pkgconfig/dolly.pc'
[0.274s] Level 1:colcon.colcon_core.environment:checking '/home/beraa/ros2_ws/install/dolly/lib/python3.10/site-packages'
[0.274s] Level 1:colcon.colcon_core.environment:checking '/home/beraa/ros2_ws/install/dolly/bin'
[0.274s] INFO:colcon.colcon_core.shell:Creating package script '/home/beraa/ros2_ws/install/dolly/share/dolly/package.ps1'
[0.275s] INFO:colcon.colcon_core.shell:Creating package descriptor '/home/beraa/ros2_ws/install/dolly/share/dolly/package.dsv'
[0.275s] INFO:colcon.colcon_core.shell:Creating package script '/home/beraa/ros2_ws/install/dolly/share/dolly/package.sh'
[0.275s] INFO:colcon.colcon_core.shell:Creating package script '/home/beraa/ros2_ws/install/dolly/share/dolly/package.bash'
[0.276s] INFO:colcon.colcon_core.shell:Creating package script '/home/beraa/ros2_ws/install/dolly/share/dolly/package.zsh'
[0.276s] Level 1:colcon.colcon_core.environment:create_file_with_runtime_dependencies(/home/beraa/ros2_ws/install/dolly/share/colcon-core/packages/dolly)
[0.983s] DEBUG:colcon.colcon_core.event_handler.log_command:Invoked command in '/home/beraa/ros2_ws/build/simulation' returned '0': CMAKE_PREFIX_PATH=/opt/ros/humble:${CMAKE_PREFIX_PATH} /usr/bin/cmake /home/beraa/ros2_ws/src/simulation -DCMAKE_INSTALL_PREFIX=/home/beraa/ros2_ws/install/simulation
[0.984s] DEBUG:colcon.colcon_core.event_handler.log_command:Invoking command in '/home/beraa/ros2_ws/build/simulation': CMAKE_PREFIX_PATH=/opt/ros/humble:${CMAKE_PREFIX_PATH} /usr/bin/cmake --build /home/beraa/ros2_ws/build/simulation -- -j20 -l20
[1.184s] DEBUG:colcon.colcon_core.event_handler.log_command:Invoked command in '/home/beraa/ros2_ws/build/simulation' returned '0': CMAKE_PREFIX_PATH=/opt/ros/humble:${CMAKE_PREFIX_PATH} /usr/bin/cmake --build /home/beraa/ros2_ws/build/simulation -- -j20 -l20
[1.184s] DEBUG:colcon.colcon_core.event_handler.log_command:Invoking command in '/home/beraa/ros2_ws/build/simulation': CMAKE_PREFIX_PATH=/opt/ros/humble:${CMAKE_PREFIX_PATH} /usr/bin/cmake --install /home/beraa/ros2_ws/build/simulation
[1.221s] Level 1:colcon.colcon_core.environment:create_environment_scripts_only(simulation)
[1.221s] DEBUG:colcon.colcon_core.event_handler.log_command:Invoked command in '/home/beraa/ros2_ws/build/simulation' returned '0': CMAKE_PREFIX_PATH=/opt/ros/humble:${CMAKE_PREFIX_PATH} /usr/bin/cmake --install /home/beraa/ros2_ws/build/simulation
[1.221s] Level 1:colcon.colcon_core.environment:checking '/home/beraa/ros2_ws/install/simulation' for CMake module files
[1.222s] Level 1:colcon.colcon_core.environment:checking '/home/beraa/ros2_ws/install/simulation' for CMake config files
[1.223s] Level 1:colcon.colcon_core.shell:create_environment_hook('simulation', 'cmake_prefix_path')
[1.223s] INFO:colcon.colcon_core.shell:Creating environment hook '/home/beraa/ros2_ws/install/simulation/share/simulation/hook/cmake_prefix_path.ps1'
[1.224s] INFO:colcon.colcon_core.shell:Creating environment descriptor '/home/beraa/ros2_ws/install/simulation/share/simulation/hook/cmake_prefix_path.dsv'
[1.224s] INFO:colcon.colcon_core.shell:Creating environment hook '/home/beraa/ros2_ws/install/simulation/share/simulation/hook/cmake_prefix_path.sh'
[1.224s] Level 1:colcon.colcon_core.environment:checking '/home/beraa/ros2_ws/install/simulation/lib'
[1.225s] Level 1:colcon.colcon_core.environment:checking '/home/beraa/ros2_ws/install/simulation/bin'
[1.225s] Level 1:colcon.colcon_core.environment:checking '/home/beraa/ros2_ws/install/simulation/lib/pkgconfig/simulation.pc'
[1.225s] Level 1:colcon.colcon_core.environment:checking '/home/beraa/ros2_ws/install/simulation/lib/python3.10/site-packages'
[1.225s] Level 1:colcon.colcon_core.environment:checking '/home/beraa/ros2_ws/install/simulation/bin'
[1.225s] INFO:colcon.colcon_core.shell:Creating package script '/home/beraa/ros2_ws/install/simulation/share/simulation/package.ps1'
[1.226s] INFO:colcon.colcon_core.shell:Creating package descriptor '/home/beraa/ros2_ws/install/simulation/share/simulation/package.dsv'
[1.226s] INFO:colcon.colcon_core.shell:Creating package script '/home/beraa/ros2_ws/install/simulation/share/simulation/package.sh'
[1.226s] INFO:colcon.colcon_core.shell:Creating package script '/home/beraa/ros2_ws/install/simulation/share/simulation/package.bash'
[1.227s] INFO:colcon.colcon_core.shell:Creating package script '/home/beraa/ros2_ws/install/simulation/share/simulation/package.zsh'
[1.227s] Level 1:colcon.colcon_core.environment:create_file_with_runtime_dependencies(/home/beraa/ros2_ws/install/simulation/share/colcon-core/packages/simulation)
[1.228s] Level 1:colcon.colcon_core.environment:create_environment_scripts_only(simulation)
[1.228s] Level 1:colcon.colcon_core.environment:checking '/home/beraa/ros2_ws/install/simulation' for CMake module files
[1.228s] Level 1:colcon.colcon_core.environment:checking '/home/beraa/ros2_ws/install/simulation' for CMake config files
[1.229s] Level 1:colcon.colcon_core.shell:create_environment_hook('simulation', 'cmake_prefix_path')
[1.229s] INFO:colcon.colcon_core.shell:Creating environment hook '/home/beraa/ros2_ws/install/simulation/share/simulation/hook/cmake_prefix_path.ps1'
[1.229s] INFO:colcon.colcon_core.shell:Creating environment descriptor '/home/beraa/ros2_ws/install/simulation/share/simulation/hook/cmake_prefix_path.dsv'
[1.229s] INFO:colcon.colcon_core.shell:Creating environment hook '/home/beraa/ros2_ws/install/simulation/share/simulation/hook/cmake_prefix_path.sh'
[1.229s] Level 1:colcon.colcon_core.environment:checking '/home/beraa/ros2_ws/install/simulation/lib'
[1.229s] Level 1:colcon.colcon_core.environment:checking '/home/beraa/ros2_ws/install/simulation/bin'
[1.229s] Level 1:colcon.colcon_core.environment:checking '/home/beraa/ros2_ws/install/simulation/lib/pkgconfig/simulation.pc'
[1.230s] Level 1:colcon.colcon_core.environment:checking '/home/beraa/ros2_ws/install/simulation/lib/python3.10/site-packages'
[1.230s] Level 1:colcon.colcon_core.environment:checking '/home/beraa/ros2_ws/install/simulation/bin'
[1.230s] INFO:colcon.colcon_core.shell:Creating package script '/home/beraa/ros2_ws/install/simulation/share/simulation/package.ps1'
[1.230s] INFO:colcon.colcon_core.shell:Creating package descriptor '/home/beraa/ros2_ws/install/simulation/share/simulation/package.dsv'
[1.231s] INFO:colcon.colcon_core.shell:Creating package script '/home/beraa/ros2_ws/install/simulation/share/simulation/package.sh'
[1.231s] INFO:colcon.colcon_core.shell:Creating package script '/home/beraa/ros2_ws/install/simulation/share/simulation/package.bash'
[1.231s] INFO:colcon.colcon_core.shell:Creating package script '/home/beraa/ros2_ws/install/simulation/share/simulation/package.zsh'
[1.231s] Level 1:colcon.colcon_core.environment:create_file_with_runtime_dependencies(/home/beraa/ros2_ws/install/simulation/share/colcon-core/packages/simulation)
[1.232s] DEBUG:colcon.colcon_parallel_executor.executor.parallel:closing loop
[1.232s] DEBUG:colcon.colcon_parallel_executor.executor.parallel:loop closed
[1.232s] DEBUG:colcon.colcon_parallel_executor.executor.parallel:run_until_complete finished with '0'
[1.232s] DEBUG:colcon.colcon_core.event_reactor:joining thread
[1.237s] INFO:colcon.colcon_core.plugin_system:Skipping extension 'colcon_notification.desktop_notification.terminal_notifier': Not used on non-Darwin systems
[1.237s] INFO:colcon.colcon_core.plugin_system:Skipping extension 'colcon_notification.desktop_notification.win32': Not used on non-Windows systems
[1.237s] INFO:colcon.colcon_notification.desktop_notification:Sending desktop notification using 'notify2'
[1.250s] DEBUG:colcon.colcon_core.event_reactor:joined thread
[1.250s] INFO:colcon.colcon_core.shell:Creating prefix script '/home/beraa/ros2_ws/install/local_setup.ps1'
[1.251s] INFO:colcon.colcon_core.shell:Creating prefix util module '/home/beraa/ros2_ws/install/_local_setup_util_ps1.py'
[1.252s] INFO:colcon.colcon_core.shell:Creating prefix chain script '/home/beraa/ros2_ws/install/setup.ps1'
[1.254s] INFO:colcon.colcon_core.shell:Creating prefix script '/home/beraa/ros2_ws/install/local_setup.sh'
[1.254s] INFO:colcon.colcon_core.shell:Creating prefix util module '/home/beraa/ros2_ws/install/_local_setup_util_sh.py'
[1.255s] INFO:colcon.colcon_core.shell:Creating prefix chain script '/home/beraa/ros2_ws/install/setup.sh'
[1.256s] INFO:colcon.colcon_core.shell:Creating prefix script '/home/beraa/ros2_ws/install/local_setup.bash'
[1.257s] INFO:colcon.colcon_core.shell:Creating prefix chain script '/home/beraa/ros2_ws/install/setup.bash'
[1.258s] INFO:colcon.colcon_core.shell:Creating prefix script '/home/beraa/ros2_ws/install/local_setup.zsh'
[1.259s] INFO:colcon.colcon_core.shell:Creating prefix chain script '/home/beraa/ros2_ws/install/setup.zsh'
